Args in experiment:
Namespace(is_training=1, model_id='ETTh2_96_720', model='iMamba', data='ETTh2', root_path='./dataset/ETT-small/', data_path='ETTh2.csv', features='M', target='OT', freq='h', checkpoints='./checkpoints/', seq_len=96, label_len=48, pred_len=720, enc_in=7, dec_in=7, c_out=7, d_model=256, n_heads=8, e_layers=2, d_layers=1, d_ff=256, moving_avg=25, factor=1, distil=True, dropout=0.1, embed='timeF', activation='gelu', output_attention=False, do_predict=False, num_workers=10, itr=1, train_epochs=10, batch_size=32, patience=3, learning_rate=7e-05, des='Exp', loss='MSE', lradj='type1', use_amp=False, use_gpu=True, gpu=0, use_multi_gpu=False, devices='0,1,2,3', exp_name='MTSF', channel_independence=False, inverse=False, class_strategy='projection', target_root_path='./data/electricity/', target_data_path='electricity.csv', efficient_training=False, use_norm=True, partial_start_index=0, d_state=2)
Use GPU: cuda:0
>>>>>>>start training : ETTh2_96_720_iMamba_ETTh2_M_ft96_sl48_ll720_pl256_dm8_nh2_el1_dl256_df1_fctimeF_ebTrue_dtExp_projection_0>>>>>>>>>>>>>>>>>>>>>>>>>>
train 7825
val 2161
test 2161
	iters: 100, epoch: 1 | loss: 0.9254649
	speed: 0.0198s/iter; left time: 46.2354s
	iters: 200, epoch: 1 | loss: 0.8295575
	speed: 0.0136s/iter; left time: 30.5531s
Epoch: 1 cost time: 3.9567441940307617
Epoch: 1, Steps: 244 | Train Loss: 0.9078031 Vali Loss: 0.6175357 Test Loss: 0.4386952
Validation loss decreased (inf --> 0.617536).  Saving model ...
Updating learning rate to 7e-05
	iters: 100, epoch: 2 | loss: 0.7593828
	speed: 0.1096s/iter; left time: 229.8715s
	iters: 200, epoch: 2 | loss: 0.8484811
	speed: 0.0155s/iter; left time: 31.0527s
Epoch: 2 cost time: 3.907041311264038
Epoch: 2, Steps: 244 | Train Loss: 0.8333752 Vali Loss: 0.6178448 Test Loss: 0.4305881
EarlyStopping counter: 1 out of 3
Updating learning rate to 3.5e-05
	iters: 100, epoch: 3 | loss: 1.0874797
	speed: 0.1120s/iter; left time: 207.5293s
	iters: 200, epoch: 3 | loss: 0.7131825
	speed: 0.0124s/iter; left time: 21.8109s
Epoch: 3 cost time: 3.346907138824463
Epoch: 3, Steps: 244 | Train Loss: 0.7877736 Vali Loss: 0.6350928 Test Loss: 0.4397117
EarlyStopping counter: 2 out of 3
Updating learning rate to 1.75e-05
	iters: 100, epoch: 4 | loss: 1.0786089
	speed: 0.1024s/iter; left time: 164.8093s
	iters: 200, epoch: 4 | loss: 1.3051901
	speed: 0.0147s/iter; left time: 22.1675s
Epoch: 4 cost time: 3.562943696975708
Epoch: 4, Steps: 244 | Train Loss: 0.7691437 Vali Loss: 0.6349087 Test Loss: 0.4386281
EarlyStopping counter: 3 out of 3
Early stopping
>>>>>>>testing : ETTh2_96_720_iMamba_ETTh2_M_ft96_sl48_ll720_pl256_dm8_nh2_el1_dl256_df1_fctimeF_ebTrue_dtExp_projection_0<<<<<<<<<<<<<<<<<<<<<<<<<<<<<<<<<
test 2161
test shape: (2161, 1, 720, 7) (2161, 1, 720, 7)
test shape: (2161, 720, 7) (2161, 720, 7)
mse:0.43869492411613464, mae:0.4537709355354309
