Args in experiment:
Namespace(is_training=1, model_id='ETTh2_96_96', model='iMamba', data='ETTh2', root_path='./dataset/ETT-small/', data_path='ETTh2.csv', features='M', target='OT', freq='h', checkpoints='./checkpoints/', seq_len=96, label_len=48, pred_len=96, enc_in=7, dec_in=7, c_out=7, d_model=256, n_heads=8, e_layers=2, d_layers=1, d_ff=256, moving_avg=25, factor=1, distil=True, dropout=0.1, embed='timeF', activation='gelu', output_attention=False, do_predict=False, num_workers=10, itr=1, train_epochs=10, batch_size=32, patience=3, learning_rate=4e-05, des='Exp', loss='MSE', lradj='type1', use_amp=False, use_gpu=True, gpu=0, use_multi_gpu=False, devices='0,1,2,3', exp_name='MTSF', channel_independence=False, inverse=False, class_strategy='projection', target_root_path='./data/electricity/', target_data_path='electricity.csv', efficient_training=False, use_norm=True, partial_start_index=0, d_state=2)
Use GPU: cuda:0
>>>>>>>start training : ETTh2_96_96_iMamba_ETTh2_M_ft96_sl48_ll96_pl256_dm8_nh2_el1_dl256_df1_fctimeF_ebTrue_dtExp_projection_0>>>>>>>>>>>>>>>>>>>>>>>>>>
train 8449
val 2785
test 2785
	iters: 100, epoch: 1 | loss: 0.4559568
	speed: 0.0164s/iter; left time: 41.6026s
	iters: 200, epoch: 1 | loss: 0.9016830
	speed: 0.0093s/iter; left time: 22.6660s
Epoch: 1 cost time: 3.1851718425750732
Epoch: 1, Steps: 264 | Train Loss: 0.5147083 Vali Loss: 0.2385785 Test Loss: 0.3214920
Validation loss decreased (inf --> 0.238578).  Saving model ...
Updating learning rate to 4e-05
	iters: 100, epoch: 2 | loss: 0.2741518
	speed: 0.1128s/iter; left time: 256.7838s
	iters: 200, epoch: 2 | loss: 0.6804991
	speed: 0.0130s/iter; left time: 28.3141s
Epoch: 2 cost time: 3.5654995441436768
Epoch: 2, Steps: 264 | Train Loss: 0.4444390 Vali Loss: 0.2272219 Test Loss: 0.3099864
Validation loss decreased (0.238578 --> 0.227222).  Saving model ...
Updating learning rate to 2e-05
	iters: 100, epoch: 3 | loss: 0.5842705
	speed: 0.1097s/iter; left time: 220.8327s
	iters: 200, epoch: 3 | loss: 0.5300615
	speed: 0.0132s/iter; left time: 25.1661s
Epoch: 3 cost time: 3.665530204772949
Epoch: 3, Steps: 264 | Train Loss: 0.4140126 Vali Loss: 0.2257949 Test Loss: 0.3069247
Validation loss decreased (0.227222 --> 0.225795).  Saving model ...
Updating learning rate to 1e-05
	iters: 100, epoch: 4 | loss: 0.3469350
	speed: 0.1252s/iter; left time: 219.0596s
	iters: 200, epoch: 4 | loss: 0.1844020
	speed: 0.0188s/iter; left time: 30.9864s
Epoch: 4 cost time: 5.075718879699707
Epoch: 4, Steps: 264 | Train Loss: 0.3997295 Vali Loss: 0.2271191 Test Loss: 0.3068314
EarlyStopping counter: 1 out of 3
Updating learning rate to 5e-06
	iters: 100, epoch: 5 | loss: 0.3005287
	speed: 0.1361s/iter; left time: 202.1174s
	iters: 200, epoch: 5 | loss: 0.3038246
	speed: 0.0173s/iter; left time: 23.9966s
Epoch: 5 cost time: 4.6575939655303955
Epoch: 5, Steps: 264 | Train Loss: 0.3933833 Vali Loss: 0.2283953 Test Loss: 0.3066512
EarlyStopping counter: 2 out of 3
Updating learning rate to 2.5e-06
	iters: 100, epoch: 6 | loss: 0.4826129
	speed: 0.1202s/iter; left time: 146.7336s
	iters: 200, epoch: 6 | loss: 0.5146207
	speed: 0.0155s/iter; left time: 17.3567s
Epoch: 6 cost time: 4.187969446182251
Epoch: 6, Steps: 264 | Train Loss: 0.3918311 Vali Loss: 0.2286427 Test Loss: 0.3066394
EarlyStopping counter: 3 out of 3
Early stopping
>>>>>>>testing : ETTh2_96_96_iMamba_ETTh2_M_ft96_sl48_ll96_pl256_dm8_nh2_el1_dl256_df1_fctimeF_ebTrue_dtExp_projection_0<<<<<<<<<<<<<<<<<<<<<<<<<<<<<<<<<
test 2785
test shape: (2785, 1, 96, 7) (2785, 1, 96, 7)
test shape: (2785, 96, 7) (2785, 96, 7)
mse:0.30692484974861145, mae:0.3556555211544037
