Args in experiment:
Namespace(is_training=1, model_id='ETTh2_96_96', model='iMamba_2', data='ETTh2', root_path='./dataset/ETT-small/', data_path='ETTh2.csv', features='M', target='OT', freq='h', checkpoints='./checkpoints/', seq_len=96, label_len=48, pred_len=96, enc_in=7, dec_in=7, c_out=7, d_model=256, n_heads=8, e_layers=2, d_layers=1, d_ff=256, moving_avg=25, factor=1, distil=True, dropout=0.1, embed='timeF', activation='gelu', output_attention=False, do_predict=False, num_workers=10, itr=1, train_epochs=10, batch_size=32, patience=3, learning_rate=4e-05, des='Exp', loss='MSE', lradj='type1', use_amp=False, use_gpu=True, gpu=0, use_multi_gpu=False, devices='0,1,2,3', exp_name='MTSF', channel_independence=False, inverse=False, class_strategy='projection', target_root_path='./data/electricity/', target_data_path='electricity.csv', efficient_training=False, use_norm=True, partial_start_index=0, d_state=2)
Use GPU: cuda:0
>>>>>>>start training : ETTh2_96_96_iMamba_2_ETTh2_M_ft96_sl48_ll96_pl256_dm8_nh2_el1_dl256_df1_fctimeF_ebTrue_dtExp_projection_0>>>>>>>>>>>>>>>>>>>>>>>>>>
train 8449
val 2785
test 2785
	iters: 100, epoch: 1 | loss: 0.4843629
	speed: 0.0206s/iter; left time: 52.3957s
	iters: 200, epoch: 1 | loss: 0.3542655
	speed: 0.0136s/iter; left time: 33.1425s
Epoch: 1 cost time: 4.304265975952148
Epoch: 1, Steps: 264 | Train Loss: 0.4736845 Vali Loss: 0.2257093 Test Loss: 0.3054977
Validation loss decreased (inf --> 0.225709).  Saving model ...
Updating learning rate to 4e-05
	iters: 100, epoch: 2 | loss: 0.2960462
	speed: 0.1344s/iter; left time: 306.0693s
	iters: 200, epoch: 2 | loss: 0.4859941
	speed: 0.0155s/iter; left time: 33.7361s
Epoch: 2 cost time: 4.488844156265259
Epoch: 2, Steps: 264 | Train Loss: 0.4163496 Vali Loss: 0.2219997 Test Loss: 0.2962970
Validation loss decreased (0.225709 --> 0.222000).  Saving model ...
Updating learning rate to 2e-05
	iters: 100, epoch: 3 | loss: 0.4003882
	speed: 0.1447s/iter; left time: 291.2689s
	iters: 200, epoch: 3 | loss: 0.4245345
	speed: 0.0167s/iter; left time: 31.9686s
Epoch: 3 cost time: 4.597218036651611
Epoch: 3, Steps: 264 | Train Loss: 0.3927848 Vali Loss: 0.2217360 Test Loss: 0.2936795
Validation loss decreased (0.222000 --> 0.221736).  Saving model ...
Updating learning rate to 1e-05
	iters: 100, epoch: 4 | loss: 0.4863189
	speed: 0.1388s/iter; left time: 242.7566s
	iters: 200, epoch: 4 | loss: 0.8815306
	speed: 0.0164s/iter; left time: 27.0908s
Epoch: 4 cost time: 4.7669923305511475
Epoch: 4, Steps: 264 | Train Loss: 0.3810915 Vali Loss: 0.2229656 Test Loss: 0.2933534
EarlyStopping counter: 1 out of 3
Updating learning rate to 5e-06
	iters: 100, epoch: 5 | loss: 0.3365289
	speed: 0.1406s/iter; left time: 208.8560s
	iters: 200, epoch: 5 | loss: 0.5690444
	speed: 0.0154s/iter; left time: 21.3853s
Epoch: 5 cost time: 4.360548734664917
Epoch: 5, Steps: 264 | Train Loss: 0.3754498 Vali Loss: 0.2236453 Test Loss: 0.2932124
EarlyStopping counter: 2 out of 3
Updating learning rate to 2.5e-06
	iters: 100, epoch: 6 | loss: 0.6144190
	speed: 0.1469s/iter; left time: 179.4062s
	iters: 200, epoch: 6 | loss: 0.3507337
	speed: 0.0149s/iter; left time: 16.7319s
Epoch: 6 cost time: 4.305510997772217
Epoch: 6, Steps: 264 | Train Loss: 0.3717416 Vali Loss: 0.2236790 Test Loss: 0.2933684
EarlyStopping counter: 3 out of 3
Early stopping
>>>>>>>testing : ETTh2_96_96_iMamba_2_ETTh2_M_ft96_sl48_ll96_pl256_dm8_nh2_el1_dl256_df1_fctimeF_ebTrue_dtExp_projection_0<<<<<<<<<<<<<<<<<<<<<<<<<<<<<<<<<
test 2785
test shape: (2785, 1, 96, 7) (2785, 1, 96, 7)
test shape: (2785, 96, 7) (2785, 96, 7)
mse:0.293679416179657, mae:0.34611907601356506
