Args in experiment:
Namespace(is_training=1, model_id='ETTh2_96_720', model='iMamba', data='ETTh2', root_path='./dataset/ETT-small/', data_path='ETTh2.csv', features='M', target='OT', freq='h', checkpoints='./checkpoints/', seq_len=96, label_len=48, pred_len=720, enc_in=7, dec_in=7, c_out=7, d_model=256, n_heads=8, e_layers=2, d_layers=1, d_ff=256, moving_avg=25, factor=1, distil=True, dropout=0.1, embed='timeF', activation='gelu', output_attention=False, do_predict=False, num_workers=10, itr=1, train_epochs=10, batch_size=32, patience=3, learning_rate=7e-05, des='Exp', loss='MSE', lradj='type1', use_amp=False, use_gpu=True, gpu=0, use_multi_gpu=False, devices='0,1,2,3', exp_name='MTSF', channel_independence=False, inverse=False, class_strategy='projection', target_root_path='./data/electricity/', target_data_path='electricity.csv', efficient_training=False, use_norm=True, partial_start_index=0, d_state=2)
Use GPU: cuda:0
>>>>>>>start training : ETTh2_96_720_iMamba_ETTh2_M_ft96_sl48_ll720_pl256_dm8_nh2_el1_dl256_df1_fctimeF_ebTrue_dtExp_projection_0>>>>>>>>>>>>>>>>>>>>>>>>>>
train 7825
val 2161
test 2161
	iters: 100, epoch: 1 | loss: 1.1735921
	speed: 0.0369s/iter; left time: 86.4051s
	iters: 200, epoch: 1 | loss: 1.1687285
	speed: 0.0267s/iter; left time: 59.9331s
Epoch: 1 cost time: 7.727882385253906
Epoch: 1, Steps: 244 | Train Loss: 0.9137812 Vali Loss: 0.6285456 Test Loss: 0.4419403
Validation loss decreased (inf --> 0.628546).  Saving model ...
Updating learning rate to 7e-05
	iters: 100, epoch: 2 | loss: 0.7591525
	speed: 0.3442s/iter; left time: 721.8408s
	iters: 200, epoch: 2 | loss: 0.7372792
	speed: 0.0286s/iter; left time: 57.1544s
Epoch: 2 cost time: 6.981118202209473
Epoch: 2, Steps: 244 | Train Loss: 0.8531755 Vali Loss: 0.5997013 Test Loss: 0.4315105
Validation loss decreased (0.628546 --> 0.599701).  Saving model ...
Updating learning rate to 3.5e-05
	iters: 100, epoch: 3 | loss: 0.5448708
	speed: 0.3327s/iter; left time: 616.4680s
	iters: 200, epoch: 3 | loss: 0.8667648
	speed: 0.0247s/iter; left time: 43.3382s
Epoch: 3 cost time: 6.406938791275024
Epoch: 3, Steps: 244 | Train Loss: 0.8177818 Vali Loss: 0.6082823 Test Loss: 0.4276523
EarlyStopping counter: 1 out of 3
Updating learning rate to 1.75e-05
	iters: 100, epoch: 4 | loss: 0.5909455
	speed: 0.3205s/iter; left time: 515.6098s
	iters: 200, epoch: 4 | loss: 0.8109592
	speed: 0.0163s/iter; left time: 24.6473s
Epoch: 4 cost time: 4.451555252075195
Epoch: 4, Steps: 244 | Train Loss: 0.7951559 Vali Loss: 0.6207854 Test Loss: 0.4248703
EarlyStopping counter: 2 out of 3
Updating learning rate to 8.75e-06
	iters: 100, epoch: 5 | loss: 0.6234531
	speed: 0.3195s/iter; left time: 436.1687s
	iters: 200, epoch: 5 | loss: 0.7604942
	speed: 0.0161s/iter; left time: 20.3493s
Epoch: 5 cost time: 4.202765464782715
Epoch: 5, Steps: 244 | Train Loss: 0.7845155 Vali Loss: 0.6208041 Test Loss: 0.4248721
EarlyStopping counter: 3 out of 3
Early stopping
>>>>>>>testing : ETTh2_96_720_iMamba_ETTh2_M_ft96_sl48_ll720_pl256_dm8_nh2_el1_dl256_df1_fctimeF_ebTrue_dtExp_projection_0<<<<<<<<<<<<<<<<<<<<<<<<<<<<<<<<<
test 2161
test shape: (2161, 1, 720, 7) (2161, 1, 720, 7)
test shape: (2161, 720, 7) (2161, 720, 7)
mse:0.43151023983955383, mae:0.44949138164520264
