Args in experiment:
Namespace(is_training=1, model_id='ETTm1_96_96', model='iMamba', data='ETTm1', root_path='./dataset/ETT-small/', data_path='ETTm1.csv', features='M', target='OT', freq='h', checkpoints='./checkpoints/', seq_len=96, label_len=48, pred_len=96, enc_in=7, dec_in=7, c_out=7, d_model=256, n_heads=8, e_layers=2, d_layers=1, d_ff=256, moving_avg=25, factor=1, distil=True, dropout=0.1, embed='timeF', activation='gelu', output_attention=False, do_predict=False, num_workers=10, itr=1, train_epochs=10, batch_size=32, patience=3, learning_rate=5e-05, des='Exp', loss='MSE', lradj='type1', use_amp=False, use_gpu=True, gpu=0, use_multi_gpu=False, devices='0,1,2,3', exp_name='MTSF', channel_independence=False, inverse=False, class_strategy='projection', target_root_path='./data/electricity/', target_data_path='electricity.csv', efficient_training=False, use_norm=True, partial_start_index=0, d_state=2)
Use GPU: cuda:0
>>>>>>>start training : ETTm1_96_96_iMamba_ETTm1_M_ft96_sl48_ll96_pl256_dm8_nh2_el1_dl256_df1_fctimeF_ebTrue_dtExp_projection_0>>>>>>>>>>>>>>>>>>>>>>>>>>
train 34369
val 11425
test 11425
	iters: 100, epoch: 1 | loss: 0.3988497
	speed: 0.0199s/iter; left time: 212.2481s
	iters: 200, epoch: 1 | loss: 0.3755222
	speed: 0.0149s/iter; left time: 157.1111s
	iters: 300, epoch: 1 | loss: 0.2935365
	speed: 0.0150s/iter; left time: 156.1100s
	iters: 400, epoch: 1 | loss: 0.3070222
	speed: 0.0149s/iter; left time: 154.4008s
	iters: 500, epoch: 1 | loss: 0.3634669
	speed: 0.0148s/iter; left time: 151.8825s
	iters: 600, epoch: 1 | loss: 0.3913525
	speed: 0.0149s/iter; left time: 150.8723s
	iters: 700, epoch: 1 | loss: 0.2919245
	speed: 0.0149s/iter; left time: 149.5303s
	iters: 800, epoch: 1 | loss: 0.3884845
	speed: 0.0148s/iter; left time: 147.0994s
	iters: 900, epoch: 1 | loss: 0.3266663
	speed: 0.0148s/iter; left time: 145.5338s
	iters: 1000, epoch: 1 | loss: 0.3410905
	speed: 0.0148s/iter; left time: 144.4835s
Epoch: 1 cost time: 16.51483464241028
Epoch: 1, Steps: 1074 | Train Loss: 0.3407296 Vali Loss: 0.3996205 Test Loss: 0.3508859
Validation loss decreased (inf --> 0.399621).  Saving model ...
Updating learning rate to 5e-05
	iters: 100, epoch: 2 | loss: 0.2796870
	speed: 0.4254s/iter; left time: 4070.0469s
	iters: 200, epoch: 2 | loss: 0.2257122
	speed: 0.0162s/iter; left time: 153.2516s
	iters: 300, epoch: 2 | loss: 0.2515293
	speed: 0.0163s/iter; left time: 152.5390s
	iters: 400, epoch: 2 | loss: 0.2389742
	speed: 0.0162s/iter; left time: 150.5602s
	iters: 500, epoch: 2 | loss: 0.3009135
	speed: 0.0212s/iter; left time: 194.4135s
	iters: 600, epoch: 2 | loss: 0.3189432
	speed: 0.0202s/iter; left time: 183.4335s
	iters: 700, epoch: 2 | loss: 0.2499000
	speed: 0.0161s/iter; left time: 144.6489s
	iters: 800, epoch: 2 | loss: 0.2840434
	speed: 0.0159s/iter; left time: 140.7001s
	iters: 900, epoch: 2 | loss: 0.2276038
	speed: 0.0148s/iter; left time: 129.3180s
	iters: 1000, epoch: 2 | loss: 0.2533554
	speed: 0.0145s/iter; left time: 125.4933s
Epoch: 2 cost time: 18.023982763290405
Epoch: 2, Steps: 1074 | Train Loss: 0.2757169 Vali Loss: 0.3911917 Test Loss: 0.3417181
Validation loss decreased (0.399621 --> 0.391192).  Saving model ...
Updating learning rate to 2.5e-05
	iters: 100, epoch: 3 | loss: 0.2214703
	speed: 0.4329s/iter; left time: 3676.7529s
	iters: 200, epoch: 3 | loss: 0.3413544
	speed: 0.0183s/iter; left time: 153.4680s
	iters: 300, epoch: 3 | loss: 0.2563641
	speed: 0.0189s/iter; left time: 156.5719s
	iters: 400, epoch: 3 | loss: 0.2358913
	speed: 0.0189s/iter; left time: 154.5590s
	iters: 500, epoch: 3 | loss: 0.3206885
	speed: 0.0188s/iter; left time: 152.4611s
	iters: 600, epoch: 3 | loss: 0.2740735
	speed: 0.0186s/iter; left time: 149.0684s
	iters: 700, epoch: 3 | loss: 0.2762164
	speed: 0.0184s/iter; left time: 145.4245s
	iters: 800, epoch: 3 | loss: 0.2170463
	speed: 0.0186s/iter; left time: 144.8279s
	iters: 900, epoch: 3 | loss: 0.2273301
	speed: 0.0185s/iter; left time: 142.6988s
	iters: 1000, epoch: 3 | loss: 0.2937995
	speed: 0.0185s/iter; left time: 140.2635s
Epoch: 3 cost time: 20.066045999526978
Epoch: 3, Steps: 1074 | Train Loss: 0.2586518 Vali Loss: 0.3946316 Test Loss: 0.3427572
EarlyStopping counter: 1 out of 3
Updating learning rate to 1.25e-05
	iters: 100, epoch: 4 | loss: 0.2794700
	speed: 0.3770s/iter; left time: 2797.2605s
	iters: 200, epoch: 4 | loss: 0.2465437
	speed: 0.0192s/iter; left time: 140.2863s
	iters: 300, epoch: 4 | loss: 0.3014106
	speed: 0.0191s/iter; left time: 138.2291s
	iters: 400, epoch: 4 | loss: 0.2395959
	speed: 0.0185s/iter; left time: 131.3661s
	iters: 500, epoch: 4 | loss: 0.2996736
	speed: 0.0186s/iter; left time: 130.8080s
	iters: 600, epoch: 4 | loss: 0.2434974
	speed: 0.0187s/iter; left time: 129.4490s
	iters: 700, epoch: 4 | loss: 0.2672211
	speed: 0.0186s/iter; left time: 126.6840s
	iters: 800, epoch: 4 | loss: 0.2560215
	speed: 0.0186s/iter; left time: 124.9040s
	iters: 900, epoch: 4 | loss: 0.2357995
	speed: 0.0193s/iter; left time: 127.8094s
	iters: 1000, epoch: 4 | loss: 0.2627112
	speed: 0.0192s/iter; left time: 125.3795s
Epoch: 4 cost time: 20.402743816375732
Epoch: 4, Steps: 1074 | Train Loss: 0.2519838 Vali Loss: 0.3937711 Test Loss: 0.3400613
EarlyStopping counter: 2 out of 3
Updating learning rate to 6.25e-06
	iters: 100, epoch: 5 | loss: 0.2713387
	speed: 0.3849s/iter; left time: 2442.1010s
	iters: 200, epoch: 5 | loss: 0.2751243
	speed: 0.0187s/iter; left time: 117.0082s
	iters: 300, epoch: 5 | loss: 0.2503750
	speed: 0.0192s/iter; left time: 117.7434s
	iters: 400, epoch: 5 | loss: 0.2495806
	speed: 0.0190s/iter; left time: 114.6989s
	iters: 500, epoch: 5 | loss: 0.2475275
	speed: 0.0192s/iter; left time: 114.0873s
	iters: 600, epoch: 5 | loss: 0.3024099
	speed: 0.0192s/iter; left time: 112.3160s
	iters: 700, epoch: 5 | loss: 0.2628604
	speed: 0.0187s/iter; left time: 107.4430s
	iters: 800, epoch: 5 | loss: 0.2765108
	speed: 0.0193s/iter; left time: 108.8012s
	iters: 900, epoch: 5 | loss: 0.2734130
	speed: 0.0193s/iter; left time: 106.7577s
	iters: 1000, epoch: 5 | loss: 0.2701334
	speed: 0.0184s/iter; left time: 99.9831s
Epoch: 5 cost time: 20.489631175994873
Epoch: 5, Steps: 1074 | Train Loss: 0.2486861 Vali Loss: 0.3946325 Test Loss: 0.3414230
EarlyStopping counter: 3 out of 3
Early stopping
>>>>>>>testing : ETTm1_96_96_iMamba_ETTm1_M_ft96_sl48_ll96_pl256_dm8_nh2_el1_dl256_df1_fctimeF_ebTrue_dtExp_projection_0<<<<<<<<<<<<<<<<<<<<<<<<<<<<<<<<<
test 11425
test shape: (11425, 1, 96, 7) (11425, 1, 96, 7)
test shape: (11425, 96, 7) (11425, 96, 7)
mse:0.34171831607818604, mae:0.3740675747394562
