Args in experiment:
Namespace(is_training=1, model_id='ETTh1_96_720', model='iMamba_2', data='ETTh1', root_path='./dataset/ETT-small/', data_path='ETTh1.csv', features='M', target='OT', freq='h', checkpoints='./checkpoints/', seq_len=96, label_len=48, pred_len=720, enc_in=7, dec_in=7, c_out=7, d_model=256, n_heads=8, e_layers=2, d_layers=1, d_ff=256, moving_avg=25, factor=1, distil=True, dropout=0.1, embed='timeF', activation='gelu', output_attention=False, do_predict=False, num_workers=10, itr=1, train_epochs=10, batch_size=32, patience=3, learning_rate=5e-05, des='Exp', loss='MSE', lradj='type1', use_amp=False, use_gpu=True, gpu=0, use_multi_gpu=False, devices='0,1,2,3', exp_name='MTSF', channel_independence=False, inverse=False, class_strategy='projection', target_root_path='./data/electricity/', target_data_path='electricity.csv', efficient_training=False, use_norm=True, partial_start_index=0, d_state=2)
Use GPU: cuda:0
>>>>>>>start training : ETTh1_96_720_iMamba_2_ETTh1_M_ft96_sl48_ll720_pl256_dm8_nh2_el1_dl256_df1_fctimeF_ebTrue_dtExp_projection_0>>>>>>>>>>>>>>>>>>>>>>>>>>
train 7825
val 2161
test 2161
	iters: 100, epoch: 1 | loss: 0.7133629
	speed: 0.0236s/iter; left time: 55.1835s
	iters: 200, epoch: 1 | loss: 0.6088243
	speed: 0.0190s/iter; left time: 42.5074s
Epoch: 1 cost time: 4.945446252822876
Epoch: 1, Steps: 244 | Train Loss: 0.7049774 Vali Loss: 1.6158530 Test Loss: 0.5257778
Validation loss decreased (inf --> 1.615853).  Saving model ...
Updating learning rate to 5e-05
	iters: 100, epoch: 2 | loss: 0.7506511
	speed: 0.1069s/iter; left time: 224.2335s
	iters: 200, epoch: 2 | loss: 0.6479605
	speed: 0.0153s/iter; left time: 30.4895s
Epoch: 2 cost time: 4.142444133758545
Epoch: 2, Steps: 244 | Train Loss: 0.6265622 Vali Loss: 1.5778847 Test Loss: 0.4956668
Validation loss decreased (1.615853 --> 1.577885).  Saving model ...
Updating learning rate to 2.5e-05
	iters: 100, epoch: 3 | loss: 0.5896038
	speed: 0.1162s/iter; left time: 215.3497s
	iters: 200, epoch: 3 | loss: 0.6170470
	speed: 0.0136s/iter; left time: 23.8478s
Epoch: 3 cost time: 3.688398599624634
Epoch: 3, Steps: 244 | Train Loss: 0.6002973 Vali Loss: 1.5713971 Test Loss: 0.4939998
Validation loss decreased (1.577885 --> 1.571397).  Saving model ...
Updating learning rate to 1.25e-05
	iters: 100, epoch: 4 | loss: 0.5795919
	speed: 0.1097s/iter; left time: 176.5469s
	iters: 200, epoch: 4 | loss: 0.5765197
	speed: 0.0140s/iter; left time: 21.1262s
Epoch: 4 cost time: 3.4763991832733154
Epoch: 4, Steps: 244 | Train Loss: 0.5897471 Vali Loss: 1.5699348 Test Loss: 0.4896294
Validation loss decreased (1.571397 --> 1.569935).  Saving model ...
Updating learning rate to 6.25e-06
	iters: 100, epoch: 5 | loss: 0.6022921
	speed: 0.1202s/iter; left time: 164.1338s
	iters: 200, epoch: 5 | loss: 0.5655708
	speed: 0.0212s/iter; left time: 26.8512s
Epoch: 5 cost time: 5.3426289558410645
Epoch: 5, Steps: 244 | Train Loss: 0.5849074 Vali Loss: 1.5697299 Test Loss: 0.4900516
Validation loss decreased (1.569935 --> 1.569730).  Saving model ...
Updating learning rate to 3.125e-06
	iters: 100, epoch: 6 | loss: 0.5830289
	speed: 0.1225s/iter; left time: 137.2817s
	iters: 200, epoch: 6 | loss: 0.5104752
	speed: 0.0275s/iter; left time: 28.1080s
Epoch: 6 cost time: 7.045537948608398
Epoch: 6, Steps: 244 | Train Loss: 0.5824282 Vali Loss: 1.5705596 Test Loss: 0.4905694
EarlyStopping counter: 1 out of 3
Updating learning rate to 1.5625e-06
	iters: 100, epoch: 7 | loss: 0.4373955
	speed: 0.1563s/iter; left time: 137.0542s
	iters: 200, epoch: 7 | loss: 0.6086515
	speed: 0.0135s/iter; left time: 10.5167s
Epoch: 7 cost time: 3.5166220664978027
Epoch: 7, Steps: 244 | Train Loss: 0.5814246 Vali Loss: 1.5661669 Test Loss: 0.4901704
Validation loss decreased (1.569730 --> 1.566167).  Saving model ...
Updating learning rate to 7.8125e-07
	iters: 100, epoch: 8 | loss: 0.5651942
	speed: 0.1118s/iter; left time: 70.7933s
	iters: 200, epoch: 8 | loss: 0.5083686
	speed: 0.0163s/iter; left time: 8.6665s
Epoch: 8 cost time: 4.204149007797241
Epoch: 8, Steps: 244 | Train Loss: 0.5809344 Vali Loss: 1.5663363 Test Loss: 0.4901413
EarlyStopping counter: 1 out of 3
Updating learning rate to 3.90625e-07
	iters: 100, epoch: 9 | loss: 0.5466280
	speed: 0.1223s/iter; left time: 47.5573s
	iters: 200, epoch: 9 | loss: 0.5713179
	speed: 0.0171s/iter; left time: 4.9447s
Epoch: 9 cost time: 4.46236515045166
Epoch: 9, Steps: 244 | Train Loss: 0.5810486 Vali Loss: 1.5663185 Test Loss: 0.4901817
EarlyStopping counter: 2 out of 3
Updating learning rate to 1.953125e-07
	iters: 100, epoch: 10 | loss: 0.6839807
	speed: 0.1140s/iter; left time: 16.5229s
	iters: 200, epoch: 10 | loss: 0.6347037
	speed: 0.0134s/iter; left time: 0.6025s
Epoch: 10 cost time: 3.491302728652954
Epoch: 10, Steps: 244 | Train Loss: 0.5807435 Vali Loss: 1.5677084 Test Loss: 0.4901789
EarlyStopping counter: 3 out of 3
Early stopping
>>>>>>>testing : ETTh1_96_720_iMamba_2_ETTh1_M_ft96_sl48_ll720_pl256_dm8_nh2_el1_dl256_df1_fctimeF_ebTrue_dtExp_projection_0<<<<<<<<<<<<<<<<<<<<<<<<<<<<<<<<<
test 2161
test shape: (2161, 1, 720, 7) (2161, 1, 720, 7)
test shape: (2161, 720, 7) (2161, 720, 7)
mse:0.4901699721813202, mae:0.4858589470386505
