Args in experiment:
Namespace(is_training=1, model_id='ETTh1_96_720', model='iMamba', data='ETTh1', root_path='./dataset/ETT-small/', data_path='ETTh1.csv', features='M', target='OT', freq='h', checkpoints='./checkpoints/', seq_len=96, label_len=48, pred_len=720, enc_in=7, dec_in=7, c_out=7, d_model=256, n_heads=8, e_layers=2, d_layers=1, d_ff=256, moving_avg=25, factor=1, distil=True, dropout=0.1, embed='timeF', activation='gelu', output_attention=False, do_predict=False, num_workers=10, itr=1, train_epochs=10, batch_size=32, patience=3, learning_rate=5e-05, des='Exp', loss='MSE', lradj='type1', use_amp=False, use_gpu=True, gpu=0, use_multi_gpu=False, devices='0,1,2,3', exp_name='MTSF', channel_independence=False, inverse=False, class_strategy='projection', target_root_path='./data/electricity/', target_data_path='electricity.csv', efficient_training=False, use_norm=True, partial_start_index=0, d_state=2)
Use GPU: cuda:0
>>>>>>>start training : ETTh1_96_720_iMamba_ETTh1_M_ft96_sl48_ll720_pl256_dm8_nh2_el1_dl256_df1_fctimeF_ebTrue_dtExp_projection_0>>>>>>>>>>>>>>>>>>>>>>>>>>
train 7825
val 2161
test 2161
	iters: 100, epoch: 1 | loss: 0.6665360
	speed: 0.0312s/iter; left time: 73.0670s
	iters: 200, epoch: 1 | loss: 0.7123850
	speed: 0.0155s/iter; left time: 34.6627s
Epoch: 1 cost time: 5.313490867614746
Epoch: 1, Steps: 244 | Train Loss: 0.7487487 Vali Loss: 1.6463581 Test Loss: 0.5582924
Validation loss decreased (inf --> 1.646358).  Saving model ...
Updating learning rate to 5e-05
	iters: 100, epoch: 2 | loss: 0.7371585
	speed: 0.1101s/iter; left time: 230.9571s
	iters: 200, epoch: 2 | loss: 0.6158673
	speed: 0.0145s/iter; left time: 28.9919s
Epoch: 2 cost time: 3.872114419937134
Epoch: 2, Steps: 244 | Train Loss: 0.6562064 Vali Loss: 1.6017226 Test Loss: 0.5468673
Validation loss decreased (1.646358 --> 1.601723).  Saving model ...
Updating learning rate to 2.5e-05
	iters: 100, epoch: 3 | loss: 0.6875837
	speed: 0.1040s/iter; left time: 192.6274s
	iters: 200, epoch: 3 | loss: 0.6619329
	speed: 0.0151s/iter; left time: 26.5399s
Epoch: 3 cost time: 3.8259799480438232
Epoch: 3, Steps: 244 | Train Loss: 0.6298601 Vali Loss: 1.5963168 Test Loss: 0.5443742
Validation loss decreased (1.601723 --> 1.596317).  Saving model ...
Updating learning rate to 1.25e-05
	iters: 100, epoch: 4 | loss: 0.5671337
	speed: 0.1038s/iter; left time: 167.0505s
	iters: 200, epoch: 4 | loss: 0.6191999
	speed: 0.0148s/iter; left time: 22.3197s
Epoch: 4 cost time: 3.7701056003570557
Epoch: 4, Steps: 244 | Train Loss: 0.6212501 Vali Loss: 1.5907592 Test Loss: 0.5449480
Validation loss decreased (1.596317 --> 1.590759).  Saving model ...
Updating learning rate to 6.25e-06
	iters: 100, epoch: 5 | loss: 0.7454663
	speed: 0.1011s/iter; left time: 138.0030s
	iters: 200, epoch: 5 | loss: 0.6612019
	speed: 0.0273s/iter; left time: 34.5398s
Epoch: 5 cost time: 5.255516290664673
Epoch: 5, Steps: 244 | Train Loss: 0.6173528 Vali Loss: 1.5913937 Test Loss: 0.5446127
EarlyStopping counter: 1 out of 3
Updating learning rate to 3.125e-06
	iters: 100, epoch: 6 | loss: 0.6385419
	speed: 0.3323s/iter; left time: 372.4810s
	iters: 200, epoch: 6 | loss: 0.6774340
	speed: 0.0164s/iter; left time: 16.7547s
Epoch: 6 cost time: 4.560223340988159
Epoch: 6, Steps: 244 | Train Loss: 0.6152722 Vali Loss: 1.5920448 Test Loss: 0.5451201
EarlyStopping counter: 2 out of 3
Updating learning rate to 1.5625e-06
	iters: 100, epoch: 7 | loss: 0.5889744
	speed: 0.3238s/iter; left time: 283.9994s
	iters: 200, epoch: 7 | loss: 0.6158319
	speed: 0.0217s/iter; left time: 16.8535s
Epoch: 7 cost time: 5.707791566848755
Epoch: 7, Steps: 244 | Train Loss: 0.6143268 Vali Loss: 1.5908513 Test Loss: 0.5448683
EarlyStopping counter: 3 out of 3
Early stopping
>>>>>>>testing : ETTh1_96_720_iMamba_ETTh1_M_ft96_sl48_ll720_pl256_dm8_nh2_el1_dl256_df1_fctimeF_ebTrue_dtExp_projection_0<<<<<<<<<<<<<<<<<<<<<<<<<<<<<<<<<
test 2161
test shape: (2161, 1, 720, 7) (2161, 1, 720, 7)
test shape: (2161, 720, 7) (2161, 720, 7)
mse:0.544948160648346, mae:0.5191942453384399
