Args in experiment:
Namespace(is_training=1, model_id='ETTh1_96_96', model='iMamba_1', data='ETTh1', root_path='./dataset/ETT-small/', data_path='ETTh1.csv', features='M', target='OT', freq='h', checkpoints='./checkpoints/', seq_len=96, label_len=48, pred_len=96, enc_in=7, dec_in=7, c_out=7, d_model=256, n_heads=8, e_layers=2, d_layers=1, d_ff=256, moving_avg=25, factor=1, distil=True, dropout=0.1, embed='timeF', activation='gelu', output_attention=False, do_predict=False, num_workers=10, itr=1, train_epochs=10, batch_size=32, patience=3, learning_rate=7e-05, des='Exp', loss='MSE', lradj='type1', use_amp=False, use_gpu=True, gpu=0, use_multi_gpu=False, devices='0,1,2,3', exp_name='MTSF', channel_independence=False, inverse=False, class_strategy='projection', target_root_path='./data/electricity/', target_data_path='electricity.csv', efficient_training=False, use_norm=True, partial_start_index=0, d_state=2)
Use GPU: cuda:0
>>>>>>>start training : ETTh1_96_96_iMamba_1_ETTh1_M_ft96_sl48_ll96_pl256_dm8_nh2_el1_dl256_df1_fctimeF_ebTrue_dtExp_projection_0>>>>>>>>>>>>>>>>>>>>>>>>>>
train 8449
val 2785
test 2785
	iters: 100, epoch: 1 | loss: 0.4740997
	speed: 0.0229s/iter; left time: 58.1181s
	iters: 200, epoch: 1 | loss: 0.3977363
	speed: 0.0186s/iter; left time: 45.3537s
Epoch: 1 cost time: 5.183277606964111
Epoch: 1, Steps: 264 | Train Loss: 0.4291069 Vali Loss: 0.7200438 Test Loss: 0.4001452
Validation loss decreased (inf --> 0.720044).  Saving model ...
Updating learning rate to 7e-05
	iters: 100, epoch: 2 | loss: 0.3480230
	speed: 0.1371s/iter; left time: 312.1933s
	iters: 200, epoch: 2 | loss: 0.3630431
	speed: 0.0146s/iter; left time: 31.8378s
Epoch: 2 cost time: 4.018184423446655
Epoch: 2, Steps: 264 | Train Loss: 0.3672319 Vali Loss: 0.6891082 Test Loss: 0.3887043
Validation loss decreased (0.720044 --> 0.689108).  Saving model ...
Updating learning rate to 3.5e-05
	iters: 100, epoch: 3 | loss: 0.2833080
	speed: 0.1310s/iter; left time: 263.7221s
	iters: 200, epoch: 3 | loss: 0.3036586
	speed: 0.0147s/iter; left time: 28.1710s
Epoch: 3 cost time: 3.946852922439575
Epoch: 3, Steps: 264 | Train Loss: 0.3498912 Vali Loss: 0.6869528 Test Loss: 0.3864197
Validation loss decreased (0.689108 --> 0.686953).  Saving model ...
Updating learning rate to 1.75e-05
	iters: 100, epoch: 4 | loss: 0.2925420
	speed: 0.1442s/iter; left time: 252.1915s
	iters: 200, epoch: 4 | loss: 0.3537566
	speed: 0.0156s/iter; left time: 25.6686s
Epoch: 4 cost time: 4.332421779632568
Epoch: 4, Steps: 264 | Train Loss: 0.3428782 Vali Loss: 0.6825834 Test Loss: 0.3853011
Validation loss decreased (0.686953 --> 0.682583).  Saving model ...
Updating learning rate to 8.75e-06
	iters: 100, epoch: 5 | loss: 0.3208989
	speed: 0.1695s/iter; left time: 251.7186s
	iters: 200, epoch: 5 | loss: 0.3421690
	speed: 0.0154s/iter; left time: 21.3850s
Epoch: 5 cost time: 4.229416131973267
Epoch: 5, Steps: 264 | Train Loss: 0.3396092 Vali Loss: 0.6808302 Test Loss: 0.3849884
Validation loss decreased (0.682583 --> 0.680830).  Saving model ...
Updating learning rate to 4.375e-06
	iters: 100, epoch: 6 | loss: 0.3461617
	speed: 0.1534s/iter; left time: 187.3113s
	iters: 200, epoch: 6 | loss: 0.2960831
	speed: 0.0133s/iter; left time: 14.8816s
Epoch: 6 cost time: 3.631281614303589
Epoch: 6, Steps: 264 | Train Loss: 0.3379261 Vali Loss: 0.6798645 Test Loss: 0.3845248
Validation loss decreased (0.680830 --> 0.679865).  Saving model ...
Updating learning rate to 2.1875e-06
	iters: 100, epoch: 7 | loss: 0.3645374
	speed: 0.1538s/iter; left time: 147.1394s
	iters: 200, epoch: 7 | loss: 0.3758309
	speed: 0.0172s/iter; left time: 14.7482s
Epoch: 7 cost time: 4.553464889526367
Epoch: 7, Steps: 264 | Train Loss: 0.3370775 Vali Loss: 0.6803996 Test Loss: 0.3846709
EarlyStopping counter: 1 out of 3
Updating learning rate to 1.09375e-06
	iters: 100, epoch: 8 | loss: 0.3373040
	speed: 0.1697s/iter; left time: 117.6180s
	iters: 200, epoch: 8 | loss: 0.4108984
	speed: 0.0156s/iter; left time: 9.2671s
Epoch: 8 cost time: 4.29555082321167
Epoch: 8, Steps: 264 | Train Loss: 0.3369021 Vali Loss: 0.6808546 Test Loss: 0.3846477
EarlyStopping counter: 2 out of 3
Updating learning rate to 5.46875e-07
	iters: 100, epoch: 9 | loss: 0.2872291
	speed: 0.1520s/iter; left time: 65.2135s
	iters: 200, epoch: 9 | loss: 0.2865075
	speed: 0.0156s/iter; left time: 5.1329s
Epoch: 9 cost time: 4.177377223968506
Epoch: 9, Steps: 264 | Train Loss: 0.3365735 Vali Loss: 0.6806372 Test Loss: 0.3846049
EarlyStopping counter: 3 out of 3
Early stopping
>>>>>>>testing : ETTh1_96_96_iMamba_1_ETTh1_M_ft96_sl48_ll96_pl256_dm8_nh2_el1_dl256_df1_fctimeF_ebTrue_dtExp_projection_0<<<<<<<<<<<<<<<<<<<<<<<<<<<<<<<<<
test 2785
test shape: (2785, 1, 96, 7) (2785, 1, 96, 7)
test shape: (2785, 96, 7) (2785, 96, 7)
mse:0.38452497124671936, mae:0.4048343002796173
