Args in experiment:
Namespace(is_training=1, model_id='ETTm2_96_720', model='iMamba', data='ETTm2', root_path='./dataset/ETT-small/', data_path='ETTm2.csv', features='M', target='OT', freq='h', checkpoints='./checkpoints/', seq_len=96, label_len=48, pred_len=720, enc_in=7, dec_in=7, c_out=7, d_model=128, n_heads=8, e_layers=2, d_layers=1, d_ff=128, moving_avg=25, factor=1, distil=True, dropout=0.1, embed='timeF', activation='gelu', output_attention=False, do_predict=False, num_workers=10, itr=1, train_epochs=10, batch_size=32, patience=3, learning_rate=5e-05, des='Exp', loss='MSE', lradj='type1', use_amp=False, use_gpu=True, gpu=0, use_multi_gpu=False, devices='0,1,2,3', exp_name='MTSF', channel_independence=False, inverse=False, class_strategy='projection', target_root_path='./data/electricity/', target_data_path='electricity.csv', efficient_training=False, use_norm=True, partial_start_index=0, d_state=2)
Use GPU: cuda:0
>>>>>>>start training : ETTm2_96_720_iMamba_ETTm2_M_ft96_sl48_ll720_pl128_dm8_nh2_el1_dl128_df1_fctimeF_ebTrue_dtExp_projection_0>>>>>>>>>>>>>>>>>>>>>>>>>>
train 33745
val 10801
test 10801
	iters: 100, epoch: 1 | loss: 0.5340919
	speed: 0.0236s/iter; left time: 246.4581s
	iters: 200, epoch: 1 | loss: 0.3643241
	speed: 0.0166s/iter; left time: 171.5713s
	iters: 300, epoch: 1 | loss: 0.4989560
	speed: 0.0127s/iter; left time: 129.9068s
	iters: 400, epoch: 1 | loss: 0.4285071
	speed: 0.0124s/iter; left time: 126.2017s
	iters: 500, epoch: 1 | loss: 0.5584140
	speed: 0.0135s/iter; left time: 135.7461s
	iters: 600, epoch: 1 | loss: 0.8703351
	speed: 0.0160s/iter; left time: 159.1675s
	iters: 700, epoch: 1 | loss: 0.3456835
	speed: 0.0180s/iter; left time: 176.7016s
	iters: 800, epoch: 1 | loss: 0.3155628
	speed: 0.0170s/iter; left time: 165.6429s
	iters: 900, epoch: 1 | loss: 0.8884692
	speed: 0.0152s/iter; left time: 146.1397s
	iters: 1000, epoch: 1 | loss: 0.2673299
	speed: 0.0153s/iter; left time: 146.1647s
Epoch: 1 cost time: 16.896475315093994
Epoch: 1, Steps: 1054 | Train Loss: 0.6099287 Vali Loss: 0.2968498 Test Loss: 0.4147041
Validation loss decreased (inf --> 0.296850).  Saving model ...
Updating learning rate to 5e-05
	iters: 100, epoch: 2 | loss: 0.3622532
	speed: 0.3455s/iter; left time: 3243.2887s
	iters: 200, epoch: 2 | loss: 0.6101763
	speed: 0.0117s/iter; left time: 108.6512s
	iters: 300, epoch: 2 | loss: 0.6474909
	speed: 0.0136s/iter; left time: 125.0242s
	iters: 400, epoch: 2 | loss: 0.3795611
	speed: 0.0122s/iter; left time: 110.9108s
	iters: 500, epoch: 2 | loss: 0.9541581
	speed: 0.0117s/iter; left time: 104.8666s
	iters: 600, epoch: 2 | loss: 0.8663903
	speed: 0.0116s/iter; left time: 103.4149s
	iters: 700, epoch: 2 | loss: 0.6435794
	speed: 0.0116s/iter; left time: 101.6891s
	iters: 800, epoch: 2 | loss: 0.6674907
	speed: 0.0116s/iter; left time: 100.6292s
	iters: 900, epoch: 2 | loss: 0.4660063
	speed: 0.0116s/iter; left time: 99.7121s
	iters: 1000, epoch: 2 | loss: 0.3853611
	speed: 0.0138s/iter; left time: 117.2796s
Epoch: 2 cost time: 12.904186725616455
Epoch: 2, Steps: 1054 | Train Loss: 0.5692164 Vali Loss: 0.3022468 Test Loss: 0.4142204
EarlyStopping counter: 1 out of 3
Updating learning rate to 2.5e-05
	iters: 100, epoch: 3 | loss: 0.5527722
	speed: 0.3592s/iter; left time: 2993.1376s
	iters: 200, epoch: 3 | loss: 0.3872396
	speed: 0.0181s/iter; left time: 148.7211s
	iters: 300, epoch: 3 | loss: 0.4226463
	speed: 0.0151s/iter; left time: 123.2132s
	iters: 400, epoch: 3 | loss: 0.2762111
	speed: 0.0154s/iter; left time: 123.3809s
	iters: 500, epoch: 3 | loss: 0.3751905
	speed: 0.0129s/iter; left time: 102.5646s
	iters: 600, epoch: 3 | loss: 0.5390996
	speed: 0.0132s/iter; left time: 103.7123s
	iters: 700, epoch: 3 | loss: 0.6765689
	speed: 0.0135s/iter; left time: 104.3013s
	iters: 800, epoch: 3 | loss: 0.4652360
	speed: 0.0162s/iter; left time: 123.4651s
	iters: 900, epoch: 3 | loss: 0.4394561
	speed: 0.0176s/iter; left time: 132.6179s
	iters: 1000, epoch: 3 | loss: 0.7804130
	speed: 0.0145s/iter; left time: 107.5911s
Epoch: 3 cost time: 15.920612335205078
Epoch: 3, Steps: 1054 | Train Loss: 0.5486203 Vali Loss: 0.3048674 Test Loss: 0.4148363
EarlyStopping counter: 2 out of 3
Updating learning rate to 1.25e-05
	iters: 100, epoch: 4 | loss: 0.4013252
	speed: 0.3609s/iter; left time: 2627.1715s
	iters: 200, epoch: 4 | loss: 0.6817657
	speed: 0.0161s/iter; left time: 115.9283s
	iters: 300, epoch: 4 | loss: 0.4970532
	speed: 0.0193s/iter; left time: 136.9287s
	iters: 400, epoch: 4 | loss: 0.6250966
	speed: 0.0190s/iter; left time: 132.4342s
	iters: 500, epoch: 4 | loss: 0.5836715
	speed: 0.0137s/iter; left time: 94.0647s
	iters: 600, epoch: 4 | loss: 0.4999312
	speed: 0.0125s/iter; left time: 84.4147s
	iters: 700, epoch: 4 | loss: 0.5128138
	speed: 0.0123s/iter; left time: 81.8285s
	iters: 800, epoch: 4 | loss: 0.5563190
	speed: 0.0142s/iter; left time: 93.4746s
	iters: 900, epoch: 4 | loss: 0.6069453
	speed: 0.0151s/iter; left time: 97.7037s
	iters: 1000, epoch: 4 | loss: 0.3009524
	speed: 0.0163s/iter; left time: 103.7012s
Epoch: 4 cost time: 16.589594841003418
Epoch: 4, Steps: 1054 | Train Loss: 0.5415917 Vali Loss: 0.3052136 Test Loss: 0.4166192
EarlyStopping counter: 3 out of 3
Early stopping
>>>>>>>testing : ETTm2_96_720_iMamba_ETTm2_M_ft96_sl48_ll720_pl128_dm8_nh2_el1_dl128_df1_fctimeF_ebTrue_dtExp_projection_0<<<<<<<<<<<<<<<<<<<<<<<<<<<<<<<<<
test 10801
test shape: (10801, 1, 720, 7) (10801, 1, 720, 7)
test shape: (10801, 720, 7) (10801, 720, 7)
mse:0.4147037863731384, mae:0.40615031123161316
