Args in experiment:
Namespace(is_training=1, model_id='ETTh2_96_192', model='iMamba_2', data='ETTh2', root_path='./dataset/ETT-small/', data_path='ETTh2.csv', features='M', target='OT', freq='h', checkpoints='./checkpoints/', seq_len=96, label_len=48, pred_len=192, enc_in=7, dec_in=7, c_out=7, d_model=256, n_heads=8, e_layers=2, d_layers=1, d_ff=256, moving_avg=25, factor=1, distil=True, dropout=0.1, embed='timeF', activation='gelu', output_attention=False, do_predict=False, num_workers=10, itr=1, train_epochs=10, batch_size=32, patience=3, learning_rate=4e-05, des='Exp', loss='MSE', lradj='type1', use_amp=False, use_gpu=True, gpu=0, use_multi_gpu=False, devices='0,1,2,3', exp_name='MTSF', channel_independence=False, inverse=False, class_strategy='projection', target_root_path='./data/electricity/', target_data_path='electricity.csv', efficient_training=False, use_norm=True, partial_start_index=0, d_state=2)
Use GPU: cuda:0
>>>>>>>start training : ETTh2_96_192_iMamba_2_ETTh2_M_ft96_sl48_ll192_pl256_dm8_nh2_el1_dl256_df1_fctimeF_ebTrue_dtExp_projection_0>>>>>>>>>>>>>>>>>>>>>>>>>>
train 8353
val 2689
test 2689
	iters: 100, epoch: 1 | loss: 0.8518190
	speed: 0.0217s/iter; left time: 54.4409s
	iters: 200, epoch: 1 | loss: 0.5846118
	speed: 0.0135s/iter; left time: 32.6307s
Epoch: 1 cost time: 4.363903284072876
Epoch: 1, Steps: 261 | Train Loss: 0.5906680 Vali Loss: 0.2893713 Test Loss: 0.3935428
Validation loss decreased (inf --> 0.289371).  Saving model ...
Updating learning rate to 4e-05
	iters: 100, epoch: 2 | loss: 0.5541612
	speed: 0.1229s/iter; left time: 276.6198s
	iters: 200, epoch: 2 | loss: 0.4480695
	speed: 0.0124s/iter; left time: 26.6495s
Epoch: 2 cost time: 3.59782338142395
Epoch: 2, Steps: 261 | Train Loss: 0.5314393 Vali Loss: 0.2851115 Test Loss: 0.3826041
Validation loss decreased (0.289371 --> 0.285112).  Saving model ...
Updating learning rate to 2e-05
	iters: 100, epoch: 3 | loss: 0.5679828
	speed: 0.1210s/iter; left time: 240.6074s
	iters: 200, epoch: 3 | loss: 0.8815693
	speed: 0.0133s/iter; left time: 25.0762s
Epoch: 3 cost time: 3.6471621990203857
Epoch: 3, Steps: 261 | Train Loss: 0.5047761 Vali Loss: 0.2889203 Test Loss: 0.3785866
EarlyStopping counter: 1 out of 3
Updating learning rate to 1e-05
	iters: 100, epoch: 4 | loss: 0.5019925
	speed: 0.1347s/iter; left time: 232.7862s
	iters: 200, epoch: 4 | loss: 0.5485220
	speed: 0.0172s/iter; left time: 27.9569s
Epoch: 4 cost time: 4.359363794326782
Epoch: 4, Steps: 261 | Train Loss: 0.4911371 Vali Loss: 0.2918584 Test Loss: 0.3757716
EarlyStopping counter: 2 out of 3
Updating learning rate to 5e-06
	iters: 100, epoch: 5 | loss: 0.2497670
	speed: 0.1387s/iter; left time: 203.5195s
	iters: 200, epoch: 5 | loss: 0.4945554
	speed: 0.0163s/iter; left time: 22.3438s
Epoch: 5 cost time: 4.448567867279053
Epoch: 5, Steps: 261 | Train Loss: 0.4838390 Vali Loss: 0.2937540 Test Loss: 0.3747730
EarlyStopping counter: 3 out of 3
Early stopping
>>>>>>>testing : ETTh2_96_192_iMamba_2_ETTh2_M_ft96_sl48_ll192_pl256_dm8_nh2_el1_dl256_df1_fctimeF_ebTrue_dtExp_projection_0<<<<<<<<<<<<<<<<<<<<<<<<<<<<<<<<<
test 2689
test shape: (2689, 1, 192, 7) (2689, 1, 192, 7)
test shape: (2689, 192, 7) (2689, 192, 7)
mse:0.38260412216186523, mae:0.4000870883464813
