Args in experiment:
Namespace(is_training=1, model_id='ETTh1_96_720', model='iMamba', data='ETTh1', root_path='./dataset/ETT-small/', data_path='ETTh1.csv', features='M', target='OT', freq='h', checkpoints='./checkpoints/', seq_len=96, label_len=48, pred_len=720, enc_in=7, dec_in=7, c_out=7, d_model=256, n_heads=8, e_layers=2, d_layers=1, d_ff=256, moving_avg=25, factor=1, distil=True, dropout=0.1, embed='timeF', activation='gelu', output_attention=False, do_predict=False, num_workers=10, itr=1, train_epochs=10, batch_size=32, patience=3, learning_rate=5e-05, des='Exp', loss='MSE', lradj='type1', use_amp=False, use_gpu=True, gpu=0, use_multi_gpu=False, devices='0,1,2,3', exp_name='MTSF', channel_independence=False, inverse=False, class_strategy='projection', target_root_path='./data/electricity/', target_data_path='electricity.csv', efficient_training=False, use_norm=True, partial_start_index=0, d_state=2)
Use GPU: cuda:0
>>>>>>>start training : ETTh1_96_720_iMamba_ETTh1_M_ft96_sl48_ll720_pl256_dm8_nh2_el1_dl256_df1_fctimeF_ebTrue_dtExp_projection_0>>>>>>>>>>>>>>>>>>>>>>>>>>
train 7825
val 2161
test 2161
	iters: 100, epoch: 1 | loss: 0.7294193
	speed: 0.0197s/iter; left time: 46.0579s
	iters: 200, epoch: 1 | loss: 0.6754671
	speed: 0.0146s/iter; left time: 32.7563s
Epoch: 1 cost time: 4.0961925983428955
Epoch: 1, Steps: 244 | Train Loss: 0.7414443 Vali Loss: 1.6358500 Test Loss: 0.5636065
Validation loss decreased (inf --> 1.635850).  Saving model ...
Updating learning rate to 5e-05
	iters: 100, epoch: 2 | loss: 0.6580759
	speed: 0.1073s/iter; left time: 225.0666s
	iters: 200, epoch: 2 | loss: 0.5500911
	speed: 0.0141s/iter; left time: 28.1130s
Epoch: 2 cost time: 3.5706191062927246
Epoch: 2, Steps: 244 | Train Loss: 0.6492377 Vali Loss: 1.5913005 Test Loss: 0.5450818
Validation loss decreased (1.635850 --> 1.591300).  Saving model ...
Updating learning rate to 2.5e-05
	iters: 100, epoch: 3 | loss: 0.5681280
	speed: 0.1066s/iter; left time: 197.4617s
	iters: 200, epoch: 3 | loss: 0.6090698
	speed: 0.0125s/iter; left time: 21.9727s
Epoch: 3 cost time: 3.3005623817443848
Epoch: 3, Steps: 244 | Train Loss: 0.6203304 Vali Loss: 1.5848286 Test Loss: 0.5425747
Validation loss decreased (1.591300 --> 1.584829).  Saving model ...
Updating learning rate to 1.25e-05
	iters: 100, epoch: 4 | loss: 0.5922502
	speed: 0.1068s/iter; left time: 171.7754s
	iters: 200, epoch: 4 | loss: 0.5961749
	speed: 0.0147s/iter; left time: 22.1258s
Epoch: 4 cost time: 3.725566864013672
Epoch: 4, Steps: 244 | Train Loss: 0.6082026 Vali Loss: 1.5765706 Test Loss: 0.5459331
Validation loss decreased (1.584829 --> 1.576571).  Saving model ...
Updating learning rate to 6.25e-06
	iters: 100, epoch: 5 | loss: 0.5252892
	speed: 0.1056s/iter; left time: 144.2002s
	iters: 200, epoch: 5 | loss: 0.5883220
	speed: 0.0145s/iter; left time: 18.3395s
Epoch: 5 cost time: 3.65777587890625
Epoch: 5, Steps: 244 | Train Loss: 0.6027087 Vali Loss: 1.5735569 Test Loss: 0.5446633
Validation loss decreased (1.576571 --> 1.573557).  Saving model ...
Updating learning rate to 3.125e-06
	iters: 100, epoch: 6 | loss: 0.5728351
	speed: 0.1056s/iter; left time: 118.3770s
	iters: 200, epoch: 6 | loss: 0.4976824
	speed: 0.0150s/iter; left time: 15.3081s
Epoch: 6 cost time: 3.726093053817749
Epoch: 6, Steps: 244 | Train Loss: 0.5997735 Vali Loss: 1.5719551 Test Loss: 0.5453284
Validation loss decreased (1.573557 --> 1.571955).  Saving model ...
Updating learning rate to 1.5625e-06
	iters: 100, epoch: 7 | loss: 0.5671812
	speed: 0.1024s/iter; left time: 89.7684s
	iters: 200, epoch: 7 | loss: 0.6205302
	speed: 0.0149s/iter; left time: 11.5505s
Epoch: 7 cost time: 3.6525402069091797
Epoch: 7, Steps: 244 | Train Loss: 0.5984098 Vali Loss: 1.5716727 Test Loss: 0.5455331
Validation loss decreased (1.571955 --> 1.571673).  Saving model ...
Updating learning rate to 7.8125e-07
	iters: 100, epoch: 8 | loss: 0.6015008
	speed: 0.1047s/iter; left time: 66.2459s
	iters: 200, epoch: 8 | loss: 0.6083800
	speed: 0.0177s/iter; left time: 9.4502s
Epoch: 8 cost time: 4.178192377090454
Epoch: 8, Steps: 244 | Train Loss: 0.5976922 Vali Loss: 1.5720568 Test Loss: 0.5453544
EarlyStopping counter: 1 out of 3
Updating learning rate to 3.90625e-07
	iters: 100, epoch: 9 | loss: 0.5521504
	speed: 0.1108s/iter; left time: 43.1143s
	iters: 200, epoch: 9 | loss: 0.5590596
	speed: 0.0151s/iter; left time: 4.3780s
Epoch: 9 cost time: 3.951329231262207
Epoch: 9, Steps: 244 | Train Loss: 0.5972350 Vali Loss: 1.5680369 Test Loss: 0.5455501
Validation loss decreased (1.571673 --> 1.568037).  Saving model ...
Updating learning rate to 1.953125e-07
	iters: 100, epoch: 10 | loss: 0.5560876
	speed: 0.1060s/iter; left time: 15.3668s
	iters: 200, epoch: 10 | loss: 0.7058296
	speed: 0.0134s/iter; left time: 0.6029s
Epoch: 10 cost time: 3.3967578411102295
Epoch: 10, Steps: 244 | Train Loss: 0.5972239 Vali Loss: 1.5705702 Test Loss: 0.5455187
EarlyStopping counter: 1 out of 3
Updating learning rate to 9.765625e-08
>>>>>>>testing : ETTh1_96_720_iMamba_ETTh1_M_ft96_sl48_ll720_pl256_dm8_nh2_el1_dl256_df1_fctimeF_ebTrue_dtExp_projection_0<<<<<<<<<<<<<<<<<<<<<<<<<<<<<<<<<
test 2161
test shape: (2161, 1, 720, 7) (2161, 1, 720, 7)
test shape: (2161, 720, 7) (2161, 720, 7)
mse:0.545550525188446, mae:0.5171730518341064
