Args in experiment:
Namespace(is_training=1, model_id='ETTh1_96_96', model='iMamba_2', data='ETTh1', root_path='./dataset/ETT-small/', data_path='ETTh1.csv', features='M', target='OT', freq='h', checkpoints='./checkpoints/', seq_len=96, label_len=48, pred_len=96, enc_in=7, dec_in=7, c_out=7, d_model=256, n_heads=8, e_layers=2, d_layers=1, d_ff=256, moving_avg=25, factor=1, distil=True, dropout=0.1, embed='timeF', activation='gelu', output_attention=False, do_predict=False, num_workers=10, itr=1, train_epochs=10, batch_size=32, patience=3, learning_rate=7e-05, des='Exp', loss='MSE', lradj='type1', use_amp=False, use_gpu=True, gpu=0, use_multi_gpu=False, devices='0,1,2,3', exp_name='MTSF', channel_independence=False, inverse=False, class_strategy='projection', target_root_path='./data/electricity/', target_data_path='electricity.csv', efficient_training=False, use_norm=True, partial_start_index=0, d_state=2)
Use GPU: cuda:0
>>>>>>>start training : ETTh1_96_96_iMamba_2_ETTh1_M_ft96_sl48_ll96_pl256_dm8_nh2_el1_dl256_df1_fctimeF_ebTrue_dtExp_projection_0>>>>>>>>>>>>>>>>>>>>>>>>>>
train 8449
val 2785
test 2785
	iters: 100, epoch: 1 | loss: 0.4413741
	speed: 0.0228s/iter; left time: 58.0298s
	iters: 200, epoch: 1 | loss: 0.3486639
	speed: 0.0160s/iter; left time: 38.9561s
Epoch: 1 cost time: 5.017055988311768
Epoch: 1, Steps: 264 | Train Loss: 0.4110033 Vali Loss: 0.7108085 Test Loss: 0.3947939
Validation loss decreased (inf --> 0.710808).  Saving model ...
Updating learning rate to 7e-05
	iters: 100, epoch: 2 | loss: 0.3308454
	speed: 0.1361s/iter; left time: 309.8766s
	iters: 200, epoch: 2 | loss: 0.4078221
	speed: 0.0159s/iter; left time: 34.7131s
Epoch: 2 cost time: 4.407684564590454
Epoch: 2, Steps: 264 | Train Loss: 0.3596172 Vali Loss: 0.6919932 Test Loss: 0.3858382
Validation loss decreased (0.710808 --> 0.691993).  Saving model ...
Updating learning rate to 3.5e-05
	iters: 100, epoch: 3 | loss: 0.2796476
	speed: 0.1440s/iter; left time: 289.9013s
	iters: 200, epoch: 3 | loss: 0.3231431
	speed: 0.0146s/iter; left time: 27.8472s
Epoch: 3 cost time: 4.022501468658447
Epoch: 3, Steps: 264 | Train Loss: 0.3453380 Vali Loss: 0.6935677 Test Loss: 0.3823498
EarlyStopping counter: 1 out of 3
Updating learning rate to 1.75e-05
	iters: 100, epoch: 4 | loss: 0.4399757
	speed: 0.1540s/iter; left time: 269.3990s
	iters: 200, epoch: 4 | loss: 0.3756799
	speed: 0.0154s/iter; left time: 25.3281s
Epoch: 4 cost time: 4.556181907653809
Epoch: 4, Steps: 264 | Train Loss: 0.3387533 Vali Loss: 0.6947210 Test Loss: 0.3831298
EarlyStopping counter: 2 out of 3
Updating learning rate to 8.75e-06
	iters: 100, epoch: 5 | loss: 0.3733953
	speed: 0.1413s/iter; left time: 209.8043s
	iters: 200, epoch: 5 | loss: 0.3542482
	speed: 0.0127s/iter; left time: 17.6412s
Epoch: 5 cost time: 3.955493211746216
Epoch: 5, Steps: 264 | Train Loss: 0.3354926 Vali Loss: 0.6936797 Test Loss: 0.3819850
EarlyStopping counter: 3 out of 3
Early stopping
>>>>>>>testing : ETTh1_96_96_iMamba_2_ETTh1_M_ft96_sl48_ll96_pl256_dm8_nh2_el1_dl256_df1_fctimeF_ebTrue_dtExp_projection_0<<<<<<<<<<<<<<<<<<<<<<<<<<<<<<<<<
test 2785
test shape: (2785, 1, 96, 7) (2785, 1, 96, 7)
test shape: (2785, 96, 7) (2785, 96, 7)
mse:0.38583827018737793, mae:0.4048863649368286
