Args in experiment:
Namespace(is_training=1, model_id='ETTh1_96_192', model='iMamba_2', data='ETTh1', root_path='./dataset/ETT-small/', data_path='ETTh1.csv', features='M', target='OT', freq='h', checkpoints='./checkpoints/', seq_len=96, label_len=48, pred_len=192, enc_in=7, dec_in=7, c_out=7, d_model=256, n_heads=8, e_layers=2, d_layers=1, d_ff=256, moving_avg=25, factor=1, distil=True, dropout=0.1, embed='timeF', activation='gelu', output_attention=False, do_predict=False, num_workers=10, itr=1, train_epochs=10, batch_size=32, patience=3, learning_rate=7e-05, des='Exp', loss='MSE', lradj='type1', use_amp=False, use_gpu=True, gpu=0, use_multi_gpu=False, devices='0,1,2,3', exp_name='MTSF', channel_independence=False, inverse=False, class_strategy='projection', target_root_path='./data/electricity/', target_data_path='electricity.csv', efficient_training=False, use_norm=True, partial_start_index=0, d_state=2)
Use GPU: cuda:0
>>>>>>>start training : ETTh1_96_192_iMamba_2_ETTh1_M_ft96_sl48_ll192_pl256_dm8_nh2_el1_dl256_df1_fctimeF_ebTrue_dtExp_projection_0>>>>>>>>>>>>>>>>>>>>>>>>>>
train 8353
val 2689
test 2689
	iters: 100, epoch: 1 | loss: 0.4487798
	speed: 0.0211s/iter; left time: 52.8733s
	iters: 200, epoch: 1 | loss: 0.4048451
	speed: 0.0151s/iter; left time: 36.4312s
Epoch: 1 cost time: 4.560715198516846
Epoch: 1, Steps: 261 | Train Loss: 0.4849702 Vali Loss: 1.0159481 Test Loss: 0.4499823
Validation loss decreased (inf --> 1.015948).  Saving model ...
Updating learning rate to 7e-05
	iters: 100, epoch: 2 | loss: 0.4032339
	speed: 0.1396s/iter; left time: 314.1689s
	iters: 200, epoch: 2 | loss: 0.4116721
	speed: 0.0132s/iter; left time: 28.2784s
Epoch: 2 cost time: 3.849761486053467
Epoch: 2, Steps: 261 | Train Loss: 0.4288035 Vali Loss: 0.9966022 Test Loss: 0.4372773
Validation loss decreased (1.015948 --> 0.996602).  Saving model ...
Updating learning rate to 3.5e-05
	iters: 100, epoch: 3 | loss: 0.4498561
	speed: 0.1407s/iter; left time: 279.9505s
	iters: 200, epoch: 3 | loss: 0.3898383
	speed: 0.0149s/iter; left time: 28.2210s
Epoch: 3 cost time: 4.092944860458374
Epoch: 3, Steps: 261 | Train Loss: 0.4129799 Vali Loss: 0.9972953 Test Loss: 0.4340071
EarlyStopping counter: 1 out of 3
Updating learning rate to 1.75e-05
	iters: 100, epoch: 4 | loss: 0.4190577
	speed: 0.1317s/iter; left time: 227.5288s
	iters: 200, epoch: 4 | loss: 0.3977820
	speed: 0.0128s/iter; left time: 20.8630s
Epoch: 4 cost time: 3.5712668895721436
Epoch: 4, Steps: 261 | Train Loss: 0.4051985 Vali Loss: 0.9975986 Test Loss: 0.4331406
EarlyStopping counter: 2 out of 3
Updating learning rate to 8.75e-06
	iters: 100, epoch: 5 | loss: 0.4367846
	speed: 0.1393s/iter; left time: 204.3552s
	iters: 200, epoch: 5 | loss: 0.4008794
	speed: 0.0130s/iter; left time: 17.8106s
Epoch: 5 cost time: 3.7091519832611084
Epoch: 5, Steps: 261 | Train Loss: 0.4013535 Vali Loss: 0.9980966 Test Loss: 0.4334531
EarlyStopping counter: 3 out of 3
Early stopping
>>>>>>>testing : ETTh1_96_192_iMamba_2_ETTh1_M_ft96_sl48_ll192_pl256_dm8_nh2_el1_dl256_df1_fctimeF_ebTrue_dtExp_projection_0<<<<<<<<<<<<<<<<<<<<<<<<<<<<<<<<<
test 2689
test shape: (2689, 1, 192, 7) (2689, 1, 192, 7)
test shape: (2689, 192, 7) (2689, 192, 7)
mse:0.43727734684944153, mae:0.4347556233406067
