Args in experiment:
Namespace(is_training=1, model_id='ETTh1_96_336', model='iMamba_1', data='ETTh1', root_path='./dataset/ETT-small/', data_path='ETTh1.csv', features='M', target='OT', freq='h', checkpoints='./checkpoints/', seq_len=96, label_len=48, pred_len=336, enc_in=7, dec_in=7, c_out=7, d_model=256, n_heads=8, e_layers=2, d_layers=1, d_ff=256, moving_avg=25, factor=1, distil=True, dropout=0.1, embed='timeF', activation='gelu', output_attention=False, do_predict=False, num_workers=10, itr=1, train_epochs=10, batch_size=32, patience=3, learning_rate=5e-05, des='Exp', loss='MSE', lradj='type1', use_amp=False, use_gpu=True, gpu=0, use_multi_gpu=False, devices='0,1,2,3', exp_name='MTSF', channel_independence=False, inverse=False, class_strategy='projection', target_root_path='./data/electricity/', target_data_path='electricity.csv', efficient_training=False, use_norm=True, partial_start_index=0, d_state=2)
Use GPU: cuda:0
>>>>>>>start training : ETTh1_96_336_iMamba_1_ETTh1_M_ft96_sl48_ll336_pl256_dm8_nh2_el1_dl256_df1_fctimeF_ebTrue_dtExp_projection_0>>>>>>>>>>>>>>>>>>>>>>>>>>
train 8209
val 2545
test 2545
	iters: 100, epoch: 1 | loss: 0.5884993
	speed: 0.0227s/iter; left time: 55.9047s
	iters: 200, epoch: 1 | loss: 0.4651052
	speed: 0.0177s/iter; left time: 41.7750s
Epoch: 1 cost time: 5.082685947418213
Epoch: 1, Steps: 256 | Train Loss: 0.5875616 Vali Loss: 1.3316756 Test Loss: 0.5185531
Validation loss decreased (inf --> 1.331676).  Saving model ...
Updating learning rate to 5e-05
	iters: 100, epoch: 2 | loss: 0.5159347
	speed: 0.1470s/iter; left time: 324.1322s
	iters: 200, epoch: 2 | loss: 0.5090498
	speed: 0.0139s/iter; left time: 29.1869s
Epoch: 2 cost time: 3.8440794944763184
Epoch: 2, Steps: 256 | Train Loss: 0.5113221 Vali Loss: 1.2963972 Test Loss: 0.4962981
Validation loss decreased (1.331676 --> 1.296397).  Saving model ...
Updating learning rate to 2.5e-05
	iters: 100, epoch: 3 | loss: 0.4217497
	speed: 0.1476s/iter; left time: 287.7616s
	iters: 200, epoch: 3 | loss: 0.5258502
	speed: 0.0119s/iter; left time: 22.0081s
Epoch: 3 cost time: 3.612499713897705
Epoch: 3, Steps: 256 | Train Loss: 0.4916356 Vali Loss: 1.2871979 Test Loss: 0.4902892
Validation loss decreased (1.296397 --> 1.287198).  Saving model ...
Updating learning rate to 1.25e-05
	iters: 100, epoch: 4 | loss: 0.4619670
	speed: 0.1632s/iter; left time: 276.3352s
	iters: 200, epoch: 4 | loss: 0.5298262
	speed: 0.0215s/iter; left time: 34.2747s
Epoch: 4 cost time: 4.978678464889526
Epoch: 4, Steps: 256 | Train Loss: 0.4826134 Vali Loss: 1.2855004 Test Loss: 0.4894756
Validation loss decreased (1.287198 --> 1.285500).  Saving model ...
Updating learning rate to 6.25e-06
	iters: 100, epoch: 5 | loss: 0.4018932
	speed: 0.1425s/iter; left time: 204.8344s
	iters: 200, epoch: 5 | loss: 0.4815849
	speed: 0.0164s/iter; left time: 21.9212s
Epoch: 5 cost time: 4.290660619735718
Epoch: 5, Steps: 256 | Train Loss: 0.4785215 Vali Loss: 1.2830262 Test Loss: 0.4906616
Validation loss decreased (1.285500 --> 1.283026).  Saving model ...
Updating learning rate to 3.125e-06
	iters: 100, epoch: 6 | loss: 0.4384269
	speed: 0.1457s/iter; left time: 172.0385s
	iters: 200, epoch: 6 | loss: 0.4302556
	speed: 0.0143s/iter; left time: 15.4636s
Epoch: 6 cost time: 3.7787461280822754
Epoch: 6, Steps: 256 | Train Loss: 0.4765568 Vali Loss: 1.2824664 Test Loss: 0.4905336
Validation loss decreased (1.283026 --> 1.282466).  Saving model ...
Updating learning rate to 1.5625e-06
	iters: 100, epoch: 7 | loss: 0.4612735
	speed: 0.1395s/iter; left time: 129.0093s
	iters: 200, epoch: 7 | loss: 0.3525894
	speed: 0.0151s/iter; left time: 12.4202s
Epoch: 7 cost time: 4.089405298233032
Epoch: 7, Steps: 256 | Train Loss: 0.4761456 Vali Loss: 1.2831864 Test Loss: 0.4900300
EarlyStopping counter: 1 out of 3
Updating learning rate to 7.8125e-07
	iters: 100, epoch: 8 | loss: 0.4357775
	speed: 0.1633s/iter; left time: 109.2250s
	iters: 200, epoch: 8 | loss: 0.3932691
	speed: 0.0121s/iter; left time: 6.9047s
Epoch: 8 cost time: 3.97025465965271
Epoch: 8, Steps: 256 | Train Loss: 0.4752640 Vali Loss: 1.2808876 Test Loss: 0.4899018
Validation loss decreased (1.282466 --> 1.280888).  Saving model ...
Updating learning rate to 3.90625e-07
	iters: 100, epoch: 9 | loss: 0.4856794
	speed: 0.1405s/iter; left time: 58.0123s
	iters: 200, epoch: 9 | loss: 0.4644810
	speed: 0.0154s/iter; left time: 4.8355s
Epoch: 9 cost time: 4.044286251068115
Epoch: 9, Steps: 256 | Train Loss: 0.4751192 Vali Loss: 1.2845248 Test Loss: 0.4899473
EarlyStopping counter: 1 out of 3
Updating learning rate to 1.953125e-07
	iters: 100, epoch: 10 | loss: 0.3937716
	speed: 0.1444s/iter; left time: 22.6642s
	iters: 200, epoch: 10 | loss: 0.4635831
	speed: 0.0123s/iter; left time: 0.7032s
Epoch: 10 cost time: 3.368774652481079
Epoch: 10, Steps: 256 | Train Loss: 0.4751731 Vali Loss: 1.2809033 Test Loss: 0.4899428
EarlyStopping counter: 2 out of 3
Updating learning rate to 9.765625e-08
>>>>>>>testing : ETTh1_96_336_iMamba_1_ETTh1_M_ft96_sl48_ll336_pl256_dm8_nh2_el1_dl256_df1_fctimeF_ebTrue_dtExp_projection_0<<<<<<<<<<<<<<<<<<<<<<<<<<<<<<<<<
test 2545
test shape: (2545, 1, 336, 7) (2545, 1, 336, 7)
test shape: (2545, 336, 7) (2545, 336, 7)
mse:0.48990216851234436, mae:0.46384915709495544
