Args in experiment:
Namespace(is_training=1, model_id='ETTh1_96_720', model='iMamba_1', data='ETTh1', root_path='./dataset/ETT-small/', data_path='ETTh1.csv', features='M', target='OT', freq='h', checkpoints='./checkpoints/', seq_len=96, label_len=48, pred_len=720, enc_in=7, dec_in=7, c_out=7, d_model=256, n_heads=8, e_layers=2, d_layers=1, d_ff=256, moving_avg=25, factor=1, distil=True, dropout=0.1, embed='timeF', activation='gelu', output_attention=False, do_predict=False, num_workers=10, itr=1, train_epochs=10, batch_size=32, patience=3, learning_rate=5e-05, des='Exp', loss='MSE', lradj='type1', use_amp=False, use_gpu=True, gpu=0, use_multi_gpu=False, devices='0,1,2,3', exp_name='MTSF', channel_independence=False, inverse=False, class_strategy='projection', target_root_path='./data/electricity/', target_data_path='electricity.csv', efficient_training=False, use_norm=True, partial_start_index=0, d_state=2)
Use GPU: cuda:0
>>>>>>>start training : ETTh1_96_720_iMamba_1_ETTh1_M_ft96_sl48_ll720_pl256_dm8_nh2_el1_dl256_df1_fctimeF_ebTrue_dtExp_projection_0>>>>>>>>>>>>>>>>>>>>>>>>>>
train 7825
val 2161
test 2161
	iters: 100, epoch: 1 | loss: 0.6091885
	speed: 0.0206s/iter; left time: 48.1886s
	iters: 200, epoch: 1 | loss: 0.6856544
	speed: 0.0143s/iter; left time: 32.1037s
Epoch: 1 cost time: 4.1535561084747314
Epoch: 1, Steps: 244 | Train Loss: 0.7175744 Vali Loss: 1.6243192 Test Loss: 0.5419268
Validation loss decreased (inf --> 1.624319).  Saving model ...
Updating learning rate to 5e-05
	iters: 100, epoch: 2 | loss: 0.7209988
	speed: 0.1240s/iter; left time: 260.1175s
	iters: 200, epoch: 2 | loss: 0.5966362
	speed: 0.0124s/iter; left time: 24.8154s
Epoch: 2 cost time: 3.2512967586517334
Epoch: 2, Steps: 244 | Train Loss: 0.6345592 Vali Loss: 1.5875745 Test Loss: 0.5188832
Validation loss decreased (1.624319 --> 1.587574).  Saving model ...
Updating learning rate to 2.5e-05
	iters: 100, epoch: 3 | loss: 0.6635154
	speed: 0.1294s/iter; left time: 239.7867s
	iters: 200, epoch: 3 | loss: 0.6316998
	speed: 0.0147s/iter; left time: 25.8350s
Epoch: 3 cost time: 3.8006539344787598
Epoch: 3, Steps: 244 | Train Loss: 0.6067725 Vali Loss: 1.5828632 Test Loss: 0.5233442
Validation loss decreased (1.587574 --> 1.582863).  Saving model ...
Updating learning rate to 1.25e-05
	iters: 100, epoch: 4 | loss: 0.5494357
	speed: 0.1376s/iter; left time: 221.4272s
	iters: 200, epoch: 4 | loss: 0.5867911
	speed: 0.0179s/iter; left time: 27.0588s
Epoch: 4 cost time: 4.540353059768677
Epoch: 4, Steps: 244 | Train Loss: 0.5963652 Vali Loss: 1.5731794 Test Loss: 0.5222977
Validation loss decreased (1.582863 --> 1.573179).  Saving model ...
Updating learning rate to 6.25e-06
	iters: 100, epoch: 5 | loss: 0.7219004
	speed: 0.1330s/iter; left time: 181.5607s
	iters: 200, epoch: 5 | loss: 0.6319078
	speed: 0.0148s/iter; left time: 18.6938s
Epoch: 5 cost time: 3.719726800918579
Epoch: 5, Steps: 244 | Train Loss: 0.5915465 Vali Loss: 1.5737466 Test Loss: 0.5204899
EarlyStopping counter: 1 out of 3
Updating learning rate to 3.125e-06
	iters: 100, epoch: 6 | loss: 0.6074818
	speed: 0.1273s/iter; left time: 142.7182s
	iters: 200, epoch: 6 | loss: 0.6536765
	speed: 0.0126s/iter; left time: 12.8943s
Epoch: 6 cost time: 3.3021905422210693
Epoch: 6, Steps: 244 | Train Loss: 0.5889628 Vali Loss: 1.5737612 Test Loss: 0.5189793
EarlyStopping counter: 2 out of 3
Updating learning rate to 1.5625e-06
	iters: 100, epoch: 7 | loss: 0.5512204
	speed: 0.1224s/iter; left time: 107.3157s
	iters: 200, epoch: 7 | loss: 0.5916613
	speed: 0.0140s/iter; left time: 10.8871s
Epoch: 7 cost time: 3.5438265800476074
Epoch: 7, Steps: 244 | Train Loss: 0.5879541 Vali Loss: 1.5722867 Test Loss: 0.5188319
Validation loss decreased (1.573179 --> 1.572287).  Saving model ...
Updating learning rate to 7.8125e-07
	iters: 100, epoch: 8 | loss: 0.5858815
	speed: 0.1286s/iter; left time: 81.4195s
	iters: 200, epoch: 8 | loss: 0.6084298
	speed: 0.0149s/iter; left time: 7.9467s
Epoch: 8 cost time: 3.7307257652282715
Epoch: 8, Steps: 244 | Train Loss: 0.5879294 Vali Loss: 1.5721917 Test Loss: 0.5186977
Validation loss decreased (1.572287 --> 1.572192).  Saving model ...
Updating learning rate to 3.90625e-07
	iters: 100, epoch: 9 | loss: 0.6311074
	speed: 0.1356s/iter; left time: 52.7337s
	iters: 200, epoch: 9 | loss: 0.5397028
	speed: 0.0180s/iter; left time: 5.1958s
Epoch: 9 cost time: 4.4100236892700195
Epoch: 9, Steps: 244 | Train Loss: 0.5873228 Vali Loss: 1.5704542 Test Loss: 0.5185601
Validation loss decreased (1.572192 --> 1.570454).  Saving model ...
Updating learning rate to 1.953125e-07
	iters: 100, epoch: 10 | loss: 0.5492013
	speed: 0.1343s/iter; left time: 19.4692s
	iters: 200, epoch: 10 | loss: 0.5740184
	speed: 0.0168s/iter; left time: 0.7577s
Epoch: 10 cost time: 4.351341485977173
Epoch: 10, Steps: 244 | Train Loss: 0.5875542 Vali Loss: 1.5728984 Test Loss: 0.5186115
EarlyStopping counter: 1 out of 3
Updating learning rate to 9.765625e-08
>>>>>>>testing : ETTh1_96_720_iMamba_1_ETTh1_M_ft96_sl48_ll720_pl256_dm8_nh2_el1_dl256_df1_fctimeF_ebTrue_dtExp_projection_0<<<<<<<<<<<<<<<<<<<<<<<<<<<<<<<<<
test 2161
test shape: (2161, 1, 720, 7) (2161, 1, 720, 7)
test shape: (2161, 720, 7) (2161, 720, 7)
mse:0.5185604691505432, mae:0.5012227296829224
