Args in experiment:
Namespace(is_training=1, model_id='ETTh2_96_336', model='iMamba_2', data='ETTh2', root_path='./dataset/ETT-small/', data_path='ETTh2.csv', features='M', target='OT', freq='h', checkpoints='./checkpoints/', seq_len=96, label_len=48, pred_len=336, enc_in=7, dec_in=7, c_out=7, d_model=256, n_heads=8, e_layers=2, d_layers=1, d_ff=256, moving_avg=25, factor=1, distil=True, dropout=0.1, embed='timeF', activation='gelu', output_attention=False, do_predict=False, num_workers=10, itr=1, train_epochs=10, batch_size=32, patience=3, learning_rate=3e-05, des='Exp', loss='MSE', lradj='type1', use_amp=False, use_gpu=True, gpu=0, use_multi_gpu=False, devices='0,1,2,3', exp_name='MTSF', channel_independence=False, inverse=False, class_strategy='projection', target_root_path='./data/electricity/', target_data_path='electricity.csv', efficient_training=False, use_norm=True, partial_start_index=0, d_state=2)
Use GPU: cuda:0
>>>>>>>start training : ETTh2_96_336_iMamba_2_ETTh2_M_ft96_sl48_ll336_pl256_dm8_nh2_el1_dl256_df1_fctimeF_ebTrue_dtExp_projection_0>>>>>>>>>>>>>>>>>>>>>>>>>>
train 8209
val 2545
test 2545
	iters: 100, epoch: 1 | loss: 0.5617372
	speed: 0.0203s/iter; left time: 49.9851s
	iters: 200, epoch: 1 | loss: 0.4215930
	speed: 0.0135s/iter; left time: 31.9162s
Epoch: 1 cost time: 4.1645166873931885
Epoch: 1, Steps: 256 | Train Loss: 0.7183884 Vali Loss: 0.3873006 Test Loss: 0.4443221
Validation loss decreased (inf --> 0.387301).  Saving model ...
Updating learning rate to 3e-05
	iters: 100, epoch: 2 | loss: 0.6012004
	speed: 0.1223s/iter; left time: 269.5954s
	iters: 200, epoch: 2 | loss: 0.4747810
	speed: 0.0130s/iter; left time: 27.2637s
Epoch: 2 cost time: 3.6036276817321777
Epoch: 2, Steps: 256 | Train Loss: 0.6599201 Vali Loss: 0.3717324 Test Loss: 0.4290485
Validation loss decreased (0.387301 --> 0.371732).  Saving model ...
Updating learning rate to 1.5e-05
	iters: 100, epoch: 3 | loss: 0.5071915
	speed: 0.1397s/iter; left time: 272.2686s
	iters: 200, epoch: 3 | loss: 0.4001562
	speed: 0.0214s/iter; left time: 39.6291s
Epoch: 3 cost time: 5.654909610748291
Epoch: 3, Steps: 256 | Train Loss: 0.6327166 Vali Loss: 0.3710114 Test Loss: 0.4247513
Validation loss decreased (0.371732 --> 0.371011).  Saving model ...
Updating learning rate to 7.5e-06
	iters: 100, epoch: 4 | loss: 1.0739913
	speed: 0.1338s/iter; left time: 226.6017s
	iters: 200, epoch: 4 | loss: 0.4764630
	speed: 0.0207s/iter; left time: 32.9498s
Epoch: 4 cost time: 6.737867832183838
Epoch: 4, Steps: 256 | Train Loss: 0.6187761 Vali Loss: 0.3711442 Test Loss: 0.4245843
EarlyStopping counter: 1 out of 3
Updating learning rate to 3.75e-06
	iters: 100, epoch: 5 | loss: 0.4838114
	speed: 0.1778s/iter; left time: 255.5085s
	iters: 200, epoch: 5 | loss: 0.7051896
	speed: 0.0140s/iter; left time: 18.6595s
Epoch: 5 cost time: 3.6146304607391357
Epoch: 5, Steps: 256 | Train Loss: 0.6124956 Vali Loss: 0.3724647 Test Loss: 0.4237987
EarlyStopping counter: 2 out of 3
Updating learning rate to 1.875e-06
	iters: 100, epoch: 6 | loss: 0.7533120
	speed: 0.1228s/iter; left time: 145.0165s
	iters: 200, epoch: 6 | loss: 0.4356317
	speed: 0.0135s/iter; left time: 14.5409s
Epoch: 6 cost time: 3.7632479667663574
Epoch: 6, Steps: 256 | Train Loss: 0.6090905 Vali Loss: 0.3729949 Test Loss: 0.4233431
EarlyStopping counter: 3 out of 3
Early stopping
>>>>>>>testing : ETTh2_96_336_iMamba_2_ETTh2_M_ft96_sl48_ll336_pl256_dm8_nh2_el1_dl256_df1_fctimeF_ebTrue_dtExp_projection_0<<<<<<<<<<<<<<<<<<<<<<<<<<<<<<<<<
test 2545
test shape: (2545, 1, 336, 7) (2545, 1, 336, 7)
test shape: (2545, 336, 7) (2545, 336, 7)
mse:0.42475125193595886, mae:0.4342193305492401
