Args in experiment:
Namespace(is_training=1, model_id='traffic_96_96', model='S_Mamba', data='custom', root_path='./dataset/traffic/', data_path='traffic.csv', features='M', target='OT', freq='h', checkpoints='./checkpoints/', seq_len=96, label_len=48, pred_len=96, enc_in=862, dec_in=862, c_out=862, d_model=512, n_heads=8, e_layers=4, d_layers=1, d_ff=512, moving_avg=25, factor=1, distil=True, dropout=0.1, embed='timeF', activation='gelu', output_attention=False, do_predict=False, num_workers=10, itr=1, train_epochs=10, batch_size=16, patience=3, learning_rate=0.001, des='Exp', loss='MSE', lradj='type1', use_amp=False, use_gpu=True, gpu=0, use_multi_gpu=False, devices='0,1,2,3', exp_name='MTSF', channel_independence=False, inverse=False, class_strategy='projection', target_root_path='./data/electricity/', target_data_path='electricity.csv', efficient_training=False, use_norm=True, partial_start_index=0, d_state=32)
Use GPU: cuda:0
>>>>>>>start training : traffic_96_96_S_Mamba_custom_M_ft96_sl48_ll96_pl512_dm8_nh4_el1_dl512_df1_fctimeF_ebTrue_dtExp_projection_0>>>>>>>>>>>>>>>>>>>>>>>>>>
train 12089
val 1661
test 3413
	iters: 100, epoch: 1 | loss: 0.3139448
	speed: 68.6028s/iter; left time: 511159.7173s
	iters: 200, epoch: 1 | loss: 0.3319494
	speed: 69.2614s/iter; left time: 509140.3427s
	iters: 300, epoch: 1 | loss: 0.3437126
	speed: 69.2586s/iter; left time: 502193.7871s
	iters: 400, epoch: 1 | loss: 0.2714129
	speed: 69.2590s/iter; left time: 495271.2534s
	iters: 500, epoch: 1 | loss: 0.2659944
	speed: 69.2865s/iter; left time: 488538.7826s
	iters: 600, epoch: 1 | loss: 0.3184179
	speed: 69.2954s/iter; left time: 481672.6318s
	iters: 700, epoch: 1 | loss: 0.2999128
	speed: 69.3247s/iter; left time: 474943.6984s
