Args in experiment:
Namespace(is_training=1, model_id='ETTh2_96_192', model='S_Mamba', data='ETTh2', root_path='./dataset/ETT-small/', data_path='ETTh2.csv', features='M', target='OT', freq='h', checkpoints='./checkpoints/', seq_len=96, label_len=48, pred_len=192, enc_in=7, dec_in=7, c_out=7, d_model=256, n_heads=8, e_layers=2, d_layers=1, d_ff=256, moving_avg=25, factor=1, distil=True, dropout=0.1, embed='timeF', activation='gelu', output_attention=False, do_predict=False, num_workers=10, itr=1, train_epochs=10, batch_size=32, patience=3, learning_rate=4e-05, des='Exp', loss='MSE', lradj='type1', use_amp=False, use_gpu=True, gpu=0, use_multi_gpu=False, devices='0,1,2,3', exp_name='MTSF', channel_independence=False, inverse=False, class_strategy='projection', target_root_path='./data/electricity/', target_data_path='electricity.csv', efficient_training=False, use_norm=True, partial_start_index=0, d_state=2)
Use GPU: cuda:0
>>>>>>>start training : ETTh2_96_192_S_Mamba_ETTh2_M_ft96_sl48_ll192_pl256_dm8_nh2_el1_dl256_df1_fctimeF_ebTrue_dtExp_projection_0>>>>>>>>>>>>>>>>>>>>>>>>>>
train 8353
val 2689
test 2689
	iters: 100, epoch: 1 | loss: 0.4819137
	speed: 0.0243s/iter; left time: 61.0039s
	iters: 200, epoch: 1 | loss: 0.4545041
	speed: 0.0177s/iter; left time: 42.6185s
Epoch: 1 cost time: 5.336155414581299
Epoch: 1, Steps: 261 | Train Loss: 0.6072387 Vali Loss: 0.2941533 Test Loss: 0.3980605
Validation loss decreased (inf --> 0.294153).  Saving model ...
Updating learning rate to 4e-05
	iters: 100, epoch: 2 | loss: 0.3700811
	speed: 0.1490s/iter; left time: 335.1895s
	iters: 200, epoch: 2 | loss: 0.5646415
	speed: 0.0172s/iter; left time: 36.9919s
Epoch: 2 cost time: 4.72399640083313
Epoch: 2, Steps: 261 | Train Loss: 0.5514839 Vali Loss: 0.2827060 Test Loss: 0.3814413
Validation loss decreased (0.294153 --> 0.282706).  Saving model ...
Updating learning rate to 2e-05
	iters: 100, epoch: 3 | loss: 0.9046797
	speed: 0.1515s/iter; left time: 301.3698s
	iters: 200, epoch: 3 | loss: 0.3408178
	speed: 0.0180s/iter; left time: 34.0221s
Epoch: 3 cost time: 5.011927843093872
Epoch: 3, Steps: 261 | Train Loss: 0.5313766 Vali Loss: 0.2816912 Test Loss: 0.3791156
Validation loss decreased (0.282706 --> 0.281691).  Saving model ...
Updating learning rate to 1e-05
	iters: 100, epoch: 4 | loss: 0.2244408
	speed: 0.1602s/iter; left time: 276.8153s
	iters: 200, epoch: 4 | loss: 0.4901269
	speed: 0.0152s/iter; left time: 24.7287s
Epoch: 4 cost time: 4.2888031005859375
Epoch: 4, Steps: 261 | Train Loss: 0.5208159 Vali Loss: 0.2816772 Test Loss: 0.3783571
Validation loss decreased (0.281691 --> 0.281677).  Saving model ...
Updating learning rate to 5e-06
	iters: 100, epoch: 5 | loss: 0.7774542
	speed: 0.1502s/iter; left time: 220.3746s
	iters: 200, epoch: 5 | loss: 0.6234424
	speed: 0.0197s/iter; left time: 26.8700s
Epoch: 5 cost time: 5.265462636947632
Epoch: 5, Steps: 261 | Train Loss: 0.5160973 Vali Loss: 0.2821997 Test Loss: 0.3783072
EarlyStopping counter: 1 out of 3
Updating learning rate to 2.5e-06
	iters: 100, epoch: 6 | loss: 0.5248047
	speed: 0.1594s/iter; left time: 192.2691s
	iters: 200, epoch: 6 | loss: 0.8650760
	speed: 0.0248s/iter; left time: 27.3832s
Epoch: 6 cost time: 6.321423053741455
Epoch: 6, Steps: 261 | Train Loss: 0.5138313 Vali Loss: 0.2823802 Test Loss: 0.3781847
EarlyStopping counter: 2 out of 3
Updating learning rate to 1.25e-06
	iters: 100, epoch: 7 | loss: 0.5144494
	speed: 0.1720s/iter; left time: 162.5401s
	iters: 200, epoch: 7 | loss: 0.5522456
	speed: 0.0225s/iter; left time: 19.0159s
Epoch: 7 cost time: 6.092012166976929
Epoch: 7, Steps: 261 | Train Loss: 0.5125301 Vali Loss: 0.2825734 Test Loss: 0.3780895
EarlyStopping counter: 3 out of 3
Early stopping
>>>>>>>testing : ETTh2_96_192_S_Mamba_ETTh2_M_ft96_sl48_ll192_pl256_dm8_nh2_el1_dl256_df1_fctimeF_ebTrue_dtExp_projection_0<<<<<<<<<<<<<<<<<<<<<<<<<<<<<<<<<
test 2689
test shape: (2689, 1, 192, 7) (2689, 1, 192, 7)
test shape: (2689, 192, 7) (2689, 192, 7)
mse:0.37835708260536194, mae:0.3988494873046875
