Args in experiment:
Namespace(is_training=1, model_id='ETTh2_96_720', model='S_Mamba', data='ETTh2', root_path='./dataset/ETT-small/', data_path='ETTh2.csv', features='M', target='OT', freq='h', checkpoints='./checkpoints/', seq_len=96, label_len=48, pred_len=720, enc_in=7, dec_in=7, c_out=7, d_model=256, n_heads=8, e_layers=2, d_layers=1, d_ff=256, moving_avg=25, factor=1, distil=True, dropout=0.1, embed='timeF', activation='gelu', output_attention=False, do_predict=False, num_workers=10, itr=1, train_epochs=10, batch_size=32, patience=3, learning_rate=7e-05, des='Exp', loss='MSE', lradj='type1', use_amp=False, use_gpu=True, gpu=0, use_multi_gpu=False, devices='0,1,2,3', exp_name='MTSF', channel_independence=False, inverse=False, class_strategy='projection', target_root_path='./data/electricity/', target_data_path='electricity.csv', efficient_training=False, use_norm=True, partial_start_index=0, d_state=2)
Use GPU: cuda:0
>>>>>>>start training : ETTh2_96_720_S_Mamba_ETTh2_M_ft96_sl48_ll720_pl256_dm8_nh2_el1_dl256_df1_fctimeF_ebTrue_dtExp_projection_0>>>>>>>>>>>>>>>>>>>>>>>>>>
train 7825
val 2161
test 2161
	iters: 100, epoch: 1 | loss: 0.8429237
	speed: 0.0294s/iter; left time: 68.7172s
	iters: 200, epoch: 1 | loss: 1.4787589
	speed: 0.0220s/iter; left time: 49.3166s
Epoch: 1 cost time: 6.014166831970215
Epoch: 1, Steps: 244 | Train Loss: 0.8962826 Vali Loss: 0.6188864 Test Loss: 0.4325398
Validation loss decreased (inf --> 0.618886).  Saving model ...
Updating learning rate to 7e-05
	iters: 100, epoch: 2 | loss: 0.9042485
	speed: 0.1387s/iter; left time: 290.9492s
	iters: 200, epoch: 2 | loss: 0.8046255
	speed: 0.0228s/iter; left time: 45.5171s
Epoch: 2 cost time: 5.607906341552734
Epoch: 2, Steps: 244 | Train Loss: 0.8374200 Vali Loss: 0.6052489 Test Loss: 0.4321329
Validation loss decreased (0.618886 --> 0.605249).  Saving model ...
Updating learning rate to 3.5e-05
	iters: 100, epoch: 3 | loss: 0.9038113
	speed: 0.1487s/iter; left time: 275.4485s
	iters: 200, epoch: 3 | loss: 0.7366147
	speed: 0.0191s/iter; left time: 33.4345s
Epoch: 3 cost time: 4.779940128326416
Epoch: 3, Steps: 244 | Train Loss: 0.8049211 Vali Loss: 0.6065980 Test Loss: 0.4314947
EarlyStopping counter: 1 out of 3
Updating learning rate to 1.75e-05
	iters: 100, epoch: 4 | loss: 1.0860248
	speed: 0.1384s/iter; left time: 222.7206s
	iters: 200, epoch: 4 | loss: 0.6119601
	speed: 0.0203s/iter; left time: 30.6217s
Epoch: 4 cost time: 5.096946716308594
Epoch: 4, Steps: 244 | Train Loss: 0.7785344 Vali Loss: 0.6148906 Test Loss: 0.4379847
EarlyStopping counter: 2 out of 3
Updating learning rate to 8.75e-06
	iters: 100, epoch: 5 | loss: 0.6245791
	speed: 0.1422s/iter; left time: 194.1561s
	iters: 200, epoch: 5 | loss: 0.5812413
	speed: 0.0251s/iter; left time: 31.7575s
Epoch: 5 cost time: 6.157537460327148
Epoch: 5, Steps: 244 | Train Loss: 0.7683151 Vali Loss: 0.6174788 Test Loss: 0.4373147
EarlyStopping counter: 3 out of 3
Early stopping
>>>>>>>testing : ETTh2_96_720_S_Mamba_ETTh2_M_ft96_sl48_ll720_pl256_dm8_nh2_el1_dl256_df1_fctimeF_ebTrue_dtExp_projection_0<<<<<<<<<<<<<<<<<<<<<<<<<<<<<<<<<
test 2161
test shape: (2161, 1, 720, 7) (2161, 1, 720, 7)
test shape: (2161, 720, 7) (2161, 720, 7)
mse:0.43213263154029846, mae:0.448441743850708
