Args in experiment:
Namespace(is_training=1, model_id='Exchange_96_336', model='S_Mamba', data='custom', root_path='./dataset/exchange_rate/', data_path='exchange_rate.csv', features='M', target='OT', freq='h', checkpoints='./checkpoints/', seq_len=96, label_len=48, pred_len=336, enc_in=8, dec_in=8, c_out=8, d_model=128, n_heads=8, e_layers=2, d_layers=1, d_ff=128, moving_avg=25, factor=1, distil=True, dropout=0.1, embed='timeF', activation='gelu', output_attention=False, do_predict=False, num_workers=10, itr=1, train_epochs=10, batch_size=32, patience=3, learning_rate=5e-05, des='Exp', loss='MSE', lradj='type1', use_amp=False, use_gpu=True, gpu=0, use_multi_gpu=False, devices='0,1,2,3', exp_name='MTSF', channel_independence=False, inverse=False, class_strategy='projection', target_root_path='./data/electricity/', target_data_path='electricity.csv', efficient_training=False, use_norm=True, partial_start_index=0, d_state=32)
Use GPU: cuda:0
>>>>>>>start training : Exchange_96_336_S_Mamba_custom_M_ft96_sl48_ll336_pl128_dm8_nh2_el1_dl128_df1_fctimeF_ebTrue_dtExp_projection_0>>>>>>>>>>>>>>>>>>>>>>>>>>
train 4880
val 425
test 1182
	iters: 100, epoch: 1 | loss: 0.4172258
	speed: 0.0321s/iter; left time: 45.6681s
Epoch: 1 cost time: 4.569705486297607
Epoch: 1, Steps: 152 | Train Loss: 0.4859373 Vali Loss: 0.4396767 Test Loss: 0.3478358
Validation loss decreased (inf --> 0.439677).  Saving model ...
Updating learning rate to 5e-05
	iters: 100, epoch: 2 | loss: 0.5564179
	speed: 0.1027s/iter; left time: 130.3638s
Epoch: 2 cost time: 3.2733914852142334
Epoch: 2, Steps: 152 | Train Loss: 0.4543611 Vali Loss: 0.4055675 Test Loss: 0.3343180
Validation loss decreased (0.439677 --> 0.405568).  Saving model ...
Updating learning rate to 2.5e-05
	iters: 100, epoch: 3 | loss: 0.4601369
	speed: 0.0999s/iter; left time: 111.5893s
Epoch: 3 cost time: 3.7937686443328857
Epoch: 3, Steps: 152 | Train Loss: 0.4434389 Vali Loss: 0.3961709 Test Loss: 0.3316795
Validation loss decreased (0.405568 --> 0.396171).  Saving model ...
Updating learning rate to 1.25e-05
	iters: 100, epoch: 4 | loss: 0.5246001
	speed: 0.1052s/iter; left time: 101.5306s
Epoch: 4 cost time: 3.942720413208008
Epoch: 4, Steps: 152 | Train Loss: 0.4405717 Vali Loss: 0.3894264 Test Loss: 0.3305490
Validation loss decreased (0.396171 --> 0.389426).  Saving model ...
Updating learning rate to 6.25e-06
	iters: 100, epoch: 5 | loss: 0.3665656
	speed: 0.0967s/iter; left time: 78.6070s
Epoch: 5 cost time: 3.3541007041931152
Epoch: 5, Steps: 152 | Train Loss: 0.4389102 Vali Loss: 0.3921107 Test Loss: 0.3300042
EarlyStopping counter: 1 out of 3
Updating learning rate to 3.125e-06
	iters: 100, epoch: 6 | loss: 0.5562041
	speed: 0.0946s/iter; left time: 62.5462s
Epoch: 6 cost time: 3.639406204223633
Epoch: 6, Steps: 152 | Train Loss: 0.4377325 Vali Loss: 0.3914978 Test Loss: 0.3299274
EarlyStopping counter: 2 out of 3
Updating learning rate to 1.5625e-06
	iters: 100, epoch: 7 | loss: 0.4186659
	speed: 0.0962s/iter; left time: 48.9570s
Epoch: 7 cost time: 3.6632936000823975
Epoch: 7, Steps: 152 | Train Loss: 0.4376658 Vali Loss: 0.3914364 Test Loss: 0.3298443
EarlyStopping counter: 3 out of 3
Early stopping
>>>>>>>testing : Exchange_96_336_S_Mamba_custom_M_ft96_sl48_ll336_pl128_dm8_nh2_el1_dl128_df1_fctimeF_ebTrue_dtExp_projection_0<<<<<<<<<<<<<<<<<<<<<<<<<<<<<<<<<
test 1182
test shape: (1182, 1, 336, 8) (1182, 1, 336, 8)
test shape: (1182, 336, 8) (1182, 336, 8)
mse:0.33054906129837036, mae:0.4165850281715393
