Args in experiment:
Namespace(is_training=1, model_id='ETTh1_96_192', model='S_Mamba', data='ETTh1', root_path='./dataset/ETT-small/', data_path='ETTh1.csv', features='M', target='OT', freq='h', checkpoints='./checkpoints/', seq_len=96, label_len=48, pred_len=192, enc_in=7, dec_in=7, c_out=7, d_model=256, n_heads=8, e_layers=2, d_layers=1, d_ff=256, moving_avg=25, factor=1, distil=True, dropout=0.1, embed='timeF', activation='gelu', output_attention=False, do_predict=False, num_workers=10, itr=1, train_epochs=10, batch_size=32, patience=3, learning_rate=7e-05, des='Exp', loss='MSE', lradj='type1', use_amp=False, use_gpu=True, gpu=0, use_multi_gpu=False, devices='0,1,2,3', exp_name='MTSF', channel_independence=False, inverse=False, class_strategy='projection', target_root_path='./data/electricity/', target_data_path='electricity.csv', efficient_training=False, use_norm=True, partial_start_index=0, d_state=2)
Use GPU: cuda:0
>>>>>>>start training : ETTh1_96_192_S_Mamba_ETTh1_M_ft96_sl48_ll192_pl256_dm8_nh2_el1_dl256_df1_fctimeF_ebTrue_dtExp_projection_0>>>>>>>>>>>>>>>>>>>>>>>>>>
train 8353
val 2689
test 2689
	iters: 100, epoch: 1 | loss: 0.4484174
	speed: 0.0256s/iter; left time: 64.2990s
	iters: 200, epoch: 1 | loss: 0.4158087
	speed: 0.0168s/iter; left time: 40.4216s
Epoch: 1 cost time: 5.491451263427734
Epoch: 1, Steps: 261 | Train Loss: 0.4995389 Vali Loss: 1.0179813 Test Loss: 0.4526996
Validation loss decreased (inf --> 1.017981).  Saving model ...
Updating learning rate to 7e-05
	iters: 100, epoch: 2 | loss: 0.5075289
	speed: 0.1716s/iter; left time: 386.1968s
	iters: 200, epoch: 2 | loss: 0.3856370
	speed: 0.0166s/iter; left time: 35.7695s
Epoch: 2 cost time: 5.340693950653076
Epoch: 2, Steps: 261 | Train Loss: 0.4338953 Vali Loss: 0.9977202 Test Loss: 0.4465753
Validation loss decreased (1.017981 --> 0.997720).  Saving model ...
Updating learning rate to 3.5e-05
	iters: 100, epoch: 3 | loss: 0.3291125
	speed: 0.1642s/iter; left time: 326.6188s
	iters: 200, epoch: 3 | loss: 0.3539846
	speed: 0.0173s/iter; left time: 32.7700s
Epoch: 3 cost time: 5.367854833602905
Epoch: 3, Steps: 261 | Train Loss: 0.4172793 Vali Loss: 0.9897172 Test Loss: 0.4421613
Validation loss decreased (0.997720 --> 0.989717).  Saving model ...
Updating learning rate to 1.75e-05
	iters: 100, epoch: 4 | loss: 0.3975998
	speed: 0.1598s/iter; left time: 276.1517s
	iters: 200, epoch: 4 | loss: 0.4405286
	speed: 0.0219s/iter; left time: 35.6304s
Epoch: 4 cost time: 5.813482046127319
Epoch: 4, Steps: 261 | Train Loss: 0.4107189 Vali Loss: 0.9901673 Test Loss: 0.4438747
EarlyStopping counter: 1 out of 3
Updating learning rate to 8.75e-06
	iters: 100, epoch: 5 | loss: 0.3857762
	speed: 0.1926s/iter; left time: 282.5030s
	iters: 200, epoch: 5 | loss: 0.4388403
	speed: 0.0286s/iter; left time: 39.1108s
Epoch: 5 cost time: 7.4705283641815186
Epoch: 5, Steps: 261 | Train Loss: 0.4075477 Vali Loss: 0.9888606 Test Loss: 0.4445283
Validation loss decreased (0.989717 --> 0.988861).  Saving model ...
Updating learning rate to 4.375e-06
	iters: 100, epoch: 6 | loss: 0.3588461
	speed: 0.1757s/iter; left time: 211.8730s
	iters: 200, epoch: 6 | loss: 0.3952891
	speed: 0.0264s/iter; left time: 29.1510s
Epoch: 6 cost time: 7.06595778465271
Epoch: 6, Steps: 261 | Train Loss: 0.4061201 Vali Loss: 0.9880227 Test Loss: 0.4450078
Validation loss decreased (0.988861 --> 0.988023).  Saving model ...
Updating learning rate to 2.1875e-06
	iters: 100, epoch: 7 | loss: 0.4526047
	speed: 0.1564s/iter; left time: 147.8088s
	iters: 200, epoch: 7 | loss: 0.4383606
	speed: 0.0190s/iter; left time: 16.0864s
Epoch: 7 cost time: 5.302125453948975
Epoch: 7, Steps: 261 | Train Loss: 0.4053483 Vali Loss: 0.9880194 Test Loss: 0.4449279
Validation loss decreased (0.988023 --> 0.988019).  Saving model ...
Updating learning rate to 1.09375e-06
	iters: 100, epoch: 8 | loss: 0.4078299
	speed: 0.1670s/iter; left time: 114.2168s
	iters: 200, epoch: 8 | loss: 0.3929053
	speed: 0.0205s/iter; left time: 11.9518s
Epoch: 8 cost time: 6.156197547912598
Epoch: 8, Steps: 261 | Train Loss: 0.4049561 Vali Loss: 0.9887012 Test Loss: 0.4449150
EarlyStopping counter: 1 out of 3
Updating learning rate to 5.46875e-07
	iters: 100, epoch: 9 | loss: 0.4005164
	speed: 0.1678s/iter; left time: 70.9627s
	iters: 200, epoch: 9 | loss: 0.4275559
	speed: 0.0194s/iter; left time: 6.2562s
Epoch: 9 cost time: 5.1747283935546875
Epoch: 9, Steps: 261 | Train Loss: 0.4047152 Vali Loss: 0.9882184 Test Loss: 0.4449882
EarlyStopping counter: 2 out of 3
Updating learning rate to 2.734375e-07
	iters: 100, epoch: 10 | loss: 0.3717488
	speed: 0.1599s/iter; left time: 25.9022s
	iters: 200, epoch: 10 | loss: 0.4555031
	speed: 0.0259s/iter; left time: 1.6036s
Epoch: 10 cost time: 6.06246542930603
Epoch: 10, Steps: 261 | Train Loss: 0.4047023 Vali Loss: 0.9884174 Test Loss: 0.4450167
EarlyStopping counter: 3 out of 3
Early stopping
>>>>>>>testing : ETTh1_96_192_S_Mamba_ETTh1_M_ft96_sl48_ll192_pl256_dm8_nh2_el1_dl256_df1_fctimeF_ebTrue_dtExp_projection_0<<<<<<<<<<<<<<<<<<<<<<<<<<<<<<<<<
test 2689
test shape: (2689, 1, 192, 7) (2689, 1, 192, 7)
test shape: (2689, 192, 7) (2689, 192, 7)
mse:0.44492802023887634, mae:0.44072410464286804
