Args in experiment:
Namespace(is_training=1, model_id='Exchange_96_192', model='S_Mamba', data='custom', root_path='./dataset/exchange_rate/', data_path='exchange_rate.csv', features='M', target='OT', freq='h', checkpoints='./checkpoints/', seq_len=96, label_len=48, pred_len=192, enc_in=8, dec_in=8, c_out=8, d_model=128, n_heads=8, e_layers=2, d_layers=1, d_ff=128, moving_avg=25, factor=1, distil=True, dropout=0.1, embed='timeF', activation='gelu', output_attention=False, do_predict=False, num_workers=10, itr=1, train_epochs=10, batch_size=32, patience=3, learning_rate=0.0001, des='Exp', loss='MSE', lradj='type1', use_amp=False, use_gpu=True, gpu=0, use_multi_gpu=False, devices='0,1,2,3', exp_name='MTSF', channel_independence=False, inverse=False, class_strategy='projection', target_root_path='./data/electricity/', target_data_path='electricity.csv', efficient_training=False, use_norm=True, partial_start_index=0, d_state=32)
Use GPU: cuda:0
>>>>>>>start training : Exchange_96_192_S_Mamba_custom_M_ft96_sl48_ll192_pl128_dm8_nh2_el1_dl128_df1_fctimeF_ebTrue_dtExp_projection_0>>>>>>>>>>>>>>>>>>>>>>>>>>
train 5024
val 569
test 1326
	iters: 100, epoch: 1 | loss: 0.2540021
	speed: 0.0276s/iter; left time: 40.6549s
Epoch: 1 cost time: 3.964888572692871
Epoch: 1, Steps: 157 | Train Loss: 0.2914668 Vali Loss: 0.2332170 Test Loss: 0.1845544
Validation loss decreased (inf --> 0.233217).  Saving model ...
Updating learning rate to 0.0001
	iters: 100, epoch: 2 | loss: 0.1882229
	speed: 0.0973s/iter; left time: 127.8880s
Epoch: 2 cost time: 3.3347017765045166
Epoch: 2, Steps: 157 | Train Loss: 0.2592978 Vali Loss: 0.2206120 Test Loss: 0.1773836
Validation loss decreased (0.233217 --> 0.220612).  Saving model ...
Updating learning rate to 5e-05
	iters: 100, epoch: 3 | loss: 0.2371018
	speed: 0.1075s/iter; left time: 124.4134s
Epoch: 3 cost time: 3.952063798904419
Epoch: 3, Steps: 157 | Train Loss: 0.2478116 Vali Loss: 0.2218824 Test Loss: 0.1808067
EarlyStopping counter: 1 out of 3
Updating learning rate to 2.5e-05
	iters: 100, epoch: 4 | loss: 0.1904767
	speed: 0.0926s/iter; left time: 92.6111s
Epoch: 4 cost time: 3.5525336265563965
Epoch: 4, Steps: 157 | Train Loss: 0.2439529 Vali Loss: 0.2173681 Test Loss: 0.1824744
Validation loss decreased (0.220612 --> 0.217368).  Saving model ...
Updating learning rate to 1.25e-05
	iters: 100, epoch: 5 | loss: 0.1939608
	speed: 0.1067s/iter; left time: 89.9214s
Epoch: 5 cost time: 3.814755439758301
Epoch: 5, Steps: 157 | Train Loss: 0.2422669 Vali Loss: 0.2215326 Test Loss: 0.1804516
EarlyStopping counter: 1 out of 3
Updating learning rate to 6.25e-06
	iters: 100, epoch: 6 | loss: 0.2600374
	speed: 0.1073s/iter; left time: 73.6338s
Epoch: 6 cost time: 3.34002947807312
Epoch: 6, Steps: 157 | Train Loss: 0.2415308 Vali Loss: 0.2237478 Test Loss: 0.1807245
EarlyStopping counter: 2 out of 3
Updating learning rate to 3.125e-06
	iters: 100, epoch: 7 | loss: 0.2300603
	speed: 0.1041s/iter; left time: 55.0487s
Epoch: 7 cost time: 3.9039511680603027
Epoch: 7, Steps: 157 | Train Loss: 0.2412406 Vali Loss: 0.2219982 Test Loss: 0.1808131
EarlyStopping counter: 3 out of 3
Early stopping
>>>>>>>testing : Exchange_96_192_S_Mamba_custom_M_ft96_sl48_ll192_pl128_dm8_nh2_el1_dl128_df1_fctimeF_ebTrue_dtExp_projection_0<<<<<<<<<<<<<<<<<<<<<<<<<<<<<<<<<
test 1326
test shape: (1326, 1, 192, 8) (1326, 1, 192, 8)
test shape: (1326, 192, 8) (1326, 192, 8)
mse:0.18247447907924652, mae:0.30431681871414185
