Args in experiment:
Namespace(is_training=1, model_id='Exchange_96_96', model='S_Mamba', data='custom', root_path='./dataset/exchange_rate/', data_path='exchange_rate.csv', features='M', target='OT', freq='h', checkpoints='./checkpoints/', seq_len=96, label_len=48, pred_len=96, enc_in=8, dec_in=8, c_out=8, d_model=128, n_heads=8, e_layers=2, d_layers=1, d_ff=128, moving_avg=25, factor=1, distil=True, dropout=0.1, embed='timeF', activation='gelu', output_attention=False, do_predict=False, num_workers=10, itr=1, train_epochs=10, batch_size=16, patience=3, learning_rate=0.0001, des='Exp', loss='MSE', lradj='type1', use_amp=False, use_gpu=True, gpu=0, use_multi_gpu=False, devices='0,1,2,3', exp_name='MTSF', channel_independence=False, inverse=False, class_strategy='projection', target_root_path='./data/electricity/', target_data_path='electricity.csv', efficient_training=False, use_norm=True, partial_start_index=0, d_state=32)
Use GPU: cuda:0
>>>>>>>start training : Exchange_96_96_S_Mamba_custom_M_ft96_sl48_ll96_pl128_dm8_nh2_el1_dl128_df1_fctimeF_ebTrue_dtExp_projection_0>>>>>>>>>>>>>>>>>>>>>>>>>>
train 5120
val 665
test 1422
	iters: 100, epoch: 1 | loss: 0.1238231
	speed: 0.0300s/iter; left time: 93.0338s
	iters: 200, epoch: 1 | loss: 0.1987064
	speed: 0.0225s/iter; left time: 67.5922s
	iters: 300, epoch: 1 | loss: 0.1163147
	speed: 0.0226s/iter; left time: 65.6051s
Epoch: 1 cost time: 8.00904393196106
Epoch: 1, Steps: 320 | Train Loss: 0.1500206 Vali Loss: 0.1316815 Test Loss: 0.0862856
Validation loss decreased (inf --> 0.131681).  Saving model ...
Updating learning rate to 0.0001
	iters: 100, epoch: 2 | loss: 0.0999720
	speed: 0.0977s/iter; left time: 271.7649s
	iters: 200, epoch: 2 | loss: 0.1252464
	speed: 0.0250s/iter; left time: 67.0249s
	iters: 300, epoch: 2 | loss: 0.1440398
	speed: 0.0232s/iter; left time: 59.7571s
Epoch: 2 cost time: 7.828301429748535
Epoch: 2, Steps: 320 | Train Loss: 0.1238291 Vali Loss: 0.1351419 Test Loss: 0.0879843
EarlyStopping counter: 1 out of 3
Updating learning rate to 5e-05
	iters: 100, epoch: 3 | loss: 0.1047997
	speed: 0.0974s/iter; left time: 239.7223s
	iters: 200, epoch: 3 | loss: 0.1974592
	speed: 0.0247s/iter; left time: 58.3915s
	iters: 300, epoch: 3 | loss: 0.0935535
	speed: 0.0250s/iter; left time: 56.4181s
Epoch: 3 cost time: 8.064303159713745
Epoch: 3, Steps: 320 | Train Loss: 0.1171863 Vali Loss: 0.1369479 Test Loss: 0.0886080
EarlyStopping counter: 2 out of 3
Updating learning rate to 2.5e-05
	iters: 100, epoch: 4 | loss: 0.0854572
	speed: 0.0978s/iter; left time: 209.4861s
	iters: 200, epoch: 4 | loss: 0.0731974
	speed: 0.0242s/iter; left time: 49.2923s
	iters: 300, epoch: 4 | loss: 0.1729488
	speed: 0.0214s/iter; left time: 41.6280s
Epoch: 4 cost time: 7.564343690872192
Epoch: 4, Steps: 320 | Train Loss: 0.1146207 Vali Loss: 0.1377181 Test Loss: 0.0890415
EarlyStopping counter: 3 out of 3
Early stopping
>>>>>>>testing : Exchange_96_96_S_Mamba_custom_M_ft96_sl48_ll96_pl128_dm8_nh2_el1_dl128_df1_fctimeF_ebTrue_dtExp_projection_0<<<<<<<<<<<<<<<<<<<<<<<<<<<<<<<<<
test 1422
test shape: (1422, 1, 96, 8) (1422, 1, 96, 8)
test shape: (1422, 96, 8) (1422, 96, 8)
mse:0.08628562837839127, mae:0.2063612937927246
