Args in experiment:
Namespace(is_training=1, model_id='ETTh2_96_96', model='S_Mamba', data='ETTh2', root_path='./dataset/ETT-small/', data_path='ETTh2.csv', features='M', target='OT', freq='h', checkpoints='./checkpoints/', seq_len=96, label_len=48, pred_len=96, enc_in=7, dec_in=7, c_out=7, d_model=256, n_heads=8, e_layers=2, d_layers=1, d_ff=256, moving_avg=25, factor=1, distil=True, dropout=0.1, embed='timeF', activation='gelu', output_attention=False, do_predict=False, num_workers=10, itr=1, train_epochs=10, batch_size=32, patience=3, learning_rate=4e-05, des='Exp', loss='MSE', lradj='type1', use_amp=False, use_gpu=True, gpu=0, use_multi_gpu=False, devices='0,1,2,3', exp_name='MTSF', channel_independence=False, inverse=False, class_strategy='projection', target_root_path='./data/electricity/', target_data_path='electricity.csv', efficient_training=False, use_norm=True, partial_start_index=0, d_state=2)
Use GPU: cuda:0
>>>>>>>start training : ETTh2_96_96_S_Mamba_ETTh2_M_ft96_sl48_ll96_pl256_dm8_nh2_el1_dl256_df1_fctimeF_ebTrue_dtExp_projection_0>>>>>>>>>>>>>>>>>>>>>>>>>>
train 8449
val 2785
test 2785
	iters: 100, epoch: 1 | loss: 0.4834072
	speed: 0.0299s/iter; left time: 75.8871s
	iters: 200, epoch: 1 | loss: 0.4064214
	speed: 0.0237s/iter; left time: 57.9285s
Epoch: 1 cost time: 6.866965293884277
Epoch: 1, Steps: 264 | Train Loss: 0.4926588 Vali Loss: 0.2291430 Test Loss: 0.3096579
Validation loss decreased (inf --> 0.229143).  Saving model ...
Updating learning rate to 4e-05
	iters: 100, epoch: 2 | loss: 0.3945400
	speed: 0.1669s/iter; left time: 380.0720s
	iters: 200, epoch: 2 | loss: 0.2006371
	speed: 0.0191s/iter; left time: 41.6455s
Epoch: 2 cost time: 5.361188888549805
Epoch: 2, Steps: 264 | Train Loss: 0.4338871 Vali Loss: 0.2200700 Test Loss: 0.2988835
Validation loss decreased (0.229143 --> 0.220070).  Saving model ...
Updating learning rate to 2e-05
	iters: 100, epoch: 3 | loss: 0.5251582
	speed: 0.1526s/iter; left time: 307.1008s
	iters: 200, epoch: 3 | loss: 0.2729450
	speed: 0.0236s/iter; left time: 45.1841s
Epoch: 3 cost time: 6.319774866104126
Epoch: 3, Steps: 264 | Train Loss: 0.4130122 Vali Loss: 0.2193305 Test Loss: 0.2971410
Validation loss decreased (0.220070 --> 0.219331).  Saving model ...
Updating learning rate to 1e-05
	iters: 100, epoch: 4 | loss: 0.2705715
	speed: 0.1587s/iter; left time: 277.6385s
	iters: 200, epoch: 4 | loss: 0.5169569
	speed: 0.0217s/iter; left time: 35.7405s
Epoch: 4 cost time: 5.940329551696777
Epoch: 4, Steps: 264 | Train Loss: 0.4018463 Vali Loss: 0.2194529 Test Loss: 0.2962674
EarlyStopping counter: 1 out of 3
Updating learning rate to 5e-06
	iters: 100, epoch: 5 | loss: 0.1703362
	speed: 0.1664s/iter; left time: 247.0899s
	iters: 200, epoch: 5 | loss: 0.5235105
	speed: 0.0234s/iter; left time: 32.4636s
Epoch: 5 cost time: 6.302973985671997
Epoch: 5, Steps: 264 | Train Loss: 0.3960615 Vali Loss: 0.2199394 Test Loss: 0.2958279
EarlyStopping counter: 2 out of 3
Updating learning rate to 2.5e-06
	iters: 100, epoch: 6 | loss: 0.4731595
	speed: 0.1538s/iter; left time: 187.7811s
	iters: 200, epoch: 6 | loss: 0.2090927
	speed: 0.0234s/iter; left time: 26.2206s
Epoch: 6 cost time: 6.310611009597778
Epoch: 6, Steps: 264 | Train Loss: 0.3937410 Vali Loss: 0.2199806 Test Loss: 0.2959035
EarlyStopping counter: 3 out of 3
Early stopping
>>>>>>>testing : ETTh2_96_96_S_Mamba_ETTh2_M_ft96_sl48_ll96_pl256_dm8_nh2_el1_dl256_df1_fctimeF_ebTrue_dtExp_projection_0<<<<<<<<<<<<<<<<<<<<<<<<<<<<<<<<<
test 2785
test shape: (2785, 1, 96, 7) (2785, 1, 96, 7)
test shape: (2785, 96, 7) (2785, 96, 7)
mse:0.2971409857273102, mae:0.34858864545822144
