Args in experiment:
Namespace(is_training=1, model_id='ETTm1_96_720', model='S_Mamba', data='ETTm1', root_path='./dataset/ETT-small/', data_path='ETTm1.csv', features='M', target='OT', freq='h', checkpoints='./checkpoints/', seq_len=96, label_len=48, pred_len=720, enc_in=7, dec_in=7, c_out=7, d_model=128, n_heads=8, e_layers=2, d_layers=1, d_ff=128, moving_avg=25, factor=1, distil=True, dropout=0.1, embed='timeF', activation='gelu', output_attention=False, do_predict=False, num_workers=10, itr=1, train_epochs=10, batch_size=32, patience=3, learning_rate=5e-05, des='Exp', loss='MSE', lradj='type1', use_amp=False, use_gpu=True, gpu=0, use_multi_gpu=False, devices='0,1,2,3', exp_name='MTSF', channel_independence=False, inverse=False, class_strategy='projection', target_root_path='./data/electricity/', target_data_path='electricity.csv', efficient_training=False, use_norm=True, partial_start_index=0, d_state=2)
Use GPU: cuda:0
>>>>>>>start training : ETTm1_96_720_S_Mamba_ETTm1_M_ft96_sl48_ll720_pl128_dm8_nh2_el1_dl128_df1_fctimeF_ebTrue_dtExp_projection_0>>>>>>>>>>>>>>>>>>>>>>>>>>
train 33745
val 10801
test 10801
	iters: 100, epoch: 1 | loss: 0.5550653
	speed: 0.0339s/iter; left time: 354.1514s
	iters: 200, epoch: 1 | loss: 0.5310567
	speed: 0.0256s/iter; left time: 264.7245s
	iters: 300, epoch: 1 | loss: 0.5681906
	speed: 0.0255s/iter; left time: 260.9715s
	iters: 400, epoch: 1 | loss: 0.5382699
	speed: 0.0254s/iter; left time: 257.9135s
	iters: 500, epoch: 1 | loss: 0.5478923
	speed: 0.0243s/iter; left time: 244.3990s
	iters: 600, epoch: 1 | loss: 0.5269268
	speed: 0.0195s/iter; left time: 193.6504s
	iters: 700, epoch: 1 | loss: 0.4526772
	speed: 0.0189s/iter; left time: 186.1195s
	iters: 800, epoch: 1 | loss: 0.5351312
	speed: 0.0224s/iter; left time: 218.0892s
	iters: 900, epoch: 1 | loss: 0.4634295
	speed: 0.0244s/iter; left time: 235.3783s
